#
# There is insufficient memory for the Java Runtime Environment to continue.
# Native memory allocation (mmap) failed to map 65536 bytes. Error detail: Failed to commit metaspace.
# Possible reasons:
#   The system is out of physical RAM or swap space
#   This process is running with CompressedOops enabled, and the Java Heap may be blocking the growth of the native heap
# Possible solutions:
#   Reduce memory load on the system
#   Increase physical memory or swap space
#   Check if swap backing store is full
#   Decrease Java heap size (-Xmx/-Xms)
#   Decrease number of Java threads
#   Decrease Java thread stack sizes (-Xss)
#   Set larger code cache with -XX:ReservedCodeCacheSize=
#   JVM is running with Zero Based Compressed Oops mode in which the Java heap is
#     placed in the first 32GB address space. The Java Heap base address is the
#     maximum limit for the native heap growth. Please use -XX:HeapBaseMinAddress
#     to set the Java Heap base and to place the Java Heap above 32GB virtual address.
# This output file may be truncated or incomplete.
#
#  Out of Memory Error (virtualSpaceNode.cpp:112), pid=24880, tid=34268
#
# JRE version: OpenJDK Runtime Environment (22.0.1+8) (build 22.0.1+8-16)
# Java VM: OpenJDK 64-Bit Server VM (22.0.1+8-16, mixed mode, sharing, tiered, compressed oops, compressed class ptrs, g1 gc, windows-amd64)
# No core dump will be written. Minidumps are not enabled by default on client versions of Windows
#

---------------  S U M M A R Y ------------

Command Line: -javaagent:C:\Program Files\JetBrains\IntelliJ IDEA Community Edition 2024.2.3\lib\idea_rt.jar=58613:C:\Program Files\JetBrains\IntelliJ IDEA Community Edition 2024.2.3\bin -Dfile.encoding=UTF-8 -Dsun.stdout.encoding=UTF-8 -Dsun.stderr.encoding=UTF-8 com.brainboost.brainboost.BrainboostApplication

Host: AMD Ryzen 3 2200G with Radeon Vega Graphics    , 4 cores, 13G,  Windows 10 , 64 bit Build 19041 (10.0.19041.5072)
Time: Fri Nov 22 13:34:52 2024 Hora oficial do Brasil elapsed time: 2.166827 seconds (0d 0h 0m 2s)

---------------  T H R E A D  ---------------

Current thread (0x000001b9645e4f80):  JavaThread "background-preinit"        [_thread_in_vm, id=34268, stack(0x000000a9ba500000,0x000000a9ba600000) (1024K)]

Stack: [0x000000a9ba500000,0x000000a9ba600000]
Native frames: (J=compiled Java code, j=interpreted, Vv=VM code, C=native code)
V  [jvm.dll+0x6e2279]  (no source info available)
V  [jvm.dll+0x874e33]  (no source info available)
V  [jvm.dll+0x87725e]  (no source info available)
V  [jvm.dll+0x877933]  (no source info available)
V  [jvm.dll+0x27fd76]  (no source info available)
V  [jvm.dll+0x870a7e]  (no source info available)
V  [jvm.dll+0x6852e5]  (no source info available)
V  [jvm.dll+0x1e3eac]  (no source info available)
V  [jvm.dll+0x1e3c7e]  (no source info available)
V  [jvm.dll+0x687c38]  (no source info available)
V  [jvm.dll+0x2250ac]  (no source info available)
V  [jvm.dll+0x685cfe]  (no source info available)
V  [jvm.dll+0x68ff98]  (no source info available)
V  [jvm.dll+0x215301]  (no source info available)
V  [jvm.dll+0x21578a]  (no source info available)
V  [jvm.dll+0x2161b1]  (no source info available)
V  [jvm.dll+0x20b4ee]  (no source info available)
V  [jvm.dll+0x5c462f]  (no source info available)
V  [jvm.dll+0x7ec076]  (no source info available)
V  [jvm.dll+0x47ca36]  (no source info available)
V  [jvm.dll+0x4828e8]  (no source info available)
C  [java.dll+0x17e4]  (no source info available)
C  0x000001b9111d0e8c  (no source info available)

The last pc belongs to native nmethod (printed below).
Java frames: (J=compiled Java code, j=interpreted, Vv=VM code)
J 1169  java.lang.ClassLoader.defineClass1(Ljava/lang/ClassLoader;Ljava/lang/String;[BIILjava/security/ProtectionDomain;Ljava/lang/String;)Ljava/lang/Class; java.base@22.0.1 (0 bytes) @ 0x000001b9111d0df1 [0x000001b9111d0d20+0x00000000000000d1]
J 1272 c1 java.lang.ClassLoader.defineClass(Ljava/lang/String;[BIILjava/security/ProtectionDomain;)Ljava/lang/Class; java.base@22.0.1 (43 bytes) @ 0x000001b9098b95fc [0x000001b9098b92a0+0x000000000000035c]
J 1174 c1 java.security.SecureClassLoader.defineClass(Ljava/lang/String;[BIILjava/security/CodeSource;)Ljava/lang/Class; java.base@22.0.1 (16 bytes) @ 0x000001b90988cc1c [0x000001b90988cb40+0x00000000000000dc]
J 930 c1 jdk.internal.loader.BuiltinClassLoader.defineClass(Ljava/lang/String;Ljdk/internal/loader/Resource;)Ljava/lang/Class; java.base@22.0.1 (121 bytes) @ 0x000001b9098175cc [0x000001b9098166a0+0x0000000000000f2c]
J 1039 c1 jdk.internal.loader.BuiltinClassLoader.findClassOnClassPathOrNull(Ljava/lang/String;)Ljava/lang/Class; java.base@22.0.1 (64 bytes) @ 0x000001b9098474bc [0x000001b909846800+0x0000000000000cbc]
J 522 c1 jdk.internal.loader.BuiltinClassLoader.loadClassOrNull(Ljava/lang/String;Z)Ljava/lang/Class; java.base@22.0.1 (143 bytes) @ 0x000001b90974058c [0x000001b90973fb60+0x0000000000000a2c]
J 838 c1 jdk.internal.loader.ClassLoaders$AppClassLoader.loadClass(Ljava/lang/String;Z)Ljava/lang/Class; java.base@22.0.1 (40 bytes) @ 0x000001b9097caac4 [0x000001b9097ca8e0+0x00000000000001e4]
J 837 c1 java.lang.ClassLoader.loadClass(Ljava/lang/String;)Ljava/lang/Class; java.base@22.0.1 (7 bytes) @ 0x000001b9097ca5d4 [0x000001b9097ca4c0+0x0000000000000114]
v  ~StubRoutines::call_stub 0x000001b910bc100d
j  com.fasterxml.jackson.databind.type.TypeFactory.<clinit>()V+17
v  ~StubRoutines::call_stub 0x000001b910bc100d
j  com.fasterxml.jackson.databind.ObjectMapper.<clinit>()V+19
v  ~StubRoutines::call_stub 0x000001b910bc100d
j  org.springframework.http.converter.json.Jackson2ObjectMapperBuilder.build()Lcom/fasterxml/jackson/databind/ObjectMapper;+77
j  org.springframework.http.converter.json.MappingJackson2HttpMessageConverter.<init>()V+4
j  org.springframework.http.converter.support.AllEncompassingFormHttpMessageConverter.<init>()V+55
j  org.springframework.boot.autoconfigure.BackgroundPreinitializer$MessageConverterInitializer.run()V+4
j  org.springframework.boot.autoconfigure.BackgroundPreinitializer$1.runSafely(Ljava/lang/Runnable;)Z+1
j  org.springframework.boot.autoconfigure.BackgroundPreinitializer$1.run()V+32
j  java.lang.Thread.runWith(Ljava/lang/Object;Ljava/lang/Runnable;)V+5 java.base@22.0.1
j  java.lang.Thread.run()V+19 java.base@22.0.1
v  ~StubRoutines::call_stub 0x000001b910bc100d

Compiled method (n/a) 2338 1169     n 0       java.lang.ClassLoader::defineClass1 (native)
 total in heap  [0x000001b9111d0b90,0x000001b9111d11d0] = 1600
 relocation     [0x000001b9111d0ce8,0x000001b9111d0d20] = 56
 main code      [0x000001b9111d0d20,0x000001b9111d11cf] = 1199
 stub code      [0x000001b9111d11cf,0x000001b9111d11d0] = 1

[Constant Pool (empty)]

[MachCode]
[Entry Point]
  # {method} {0x000001b91f3fd870} 'defineClass1' '(Ljava/lang/ClassLoader;Ljava/lang/String;[BIILjava/security/ProtectionDomain;Ljava/lang/String;)Ljava/lang/Class;' in 'java/lang/ClassLoader'
  # parm0:    rdx:rdx   = 'java/lang/ClassLoader'
  # parm1:    r8:r8     = 'java/lang/String'
  # parm2:    r9:r9     = '[B'
  # parm3:    rdi       = int
  # parm4:    rsi       = int
  # parm5:    rcx:rcx   = 'java/security/ProtectionDomain'
  # parm6:    [sp+0xa0]   = 'java/lang/String'  (sp of caller)
  0x000001b9111d0d20: 448b 5208 | 49bb 0000 | 001f b901 | 0000 4d03 | d349 3bc2 | 0f84 0600 

  0x000001b9111d0d38: ;   {runtime_call ic_miss_stub}
  0x000001b9111d0d38: 0000 e941 | daa3 ff90 
[Verified Entry Point]
  0x000001b9111d0d40: 8984 2400 | 80ff ff55 | 488b ec48 | 81ec 9000 | 0000 6690 | 4181 7f20 | 0100 0000 

  0x000001b9111d0d5c: ;   {runtime_call StubRoutines (final stubs)}
  0x000001b9111d0d5c: 7405 e87d | 3fa2 ff48 | 837d 1000 | 488d 4510 | 480f 4445 | 1048 8944 | 2440 4889 | 4c24 7048 
  0x000001b9111d0d7c: 83f9 0048 | 8d44 2470 | 480f 4444 | 2470 4889 | 4424 3848 | 8974 2430 | 4889 7c24 | 284c 894c 
  0x000001b9111d0d9c: 2458 4983 | f900 488d | 4424 5848 | 0f44 4424 | 5848 8944 | 2420 4c89 | 4424 5049 | 83f8 004c 
  0x000001b9111d0dbc: 8d4c 2450 | 4c0f 444c | 2450 4889 | 5424 4848 | 83fa 004c | 8d44 2448 | 4c0f 4444 

  0x000001b9111d0dd8: ;   {oop(a 'java/lang/Class'{0x0000000721a5e650} = 'java/lang/ClassLoader')}
  0x000001b9111d0dd8: 2448 49be | 50e6 a521 | 0700 0000 | 4c89 7424 | 784c 8d74 | 2478 498b | d6c5 f877 

  0x000001b9111d0df4: ;   {internal_word}
  0x000001b9111d0df4: 49ba f10d | 1d11 b901 | 0000 4d89 | 97a8 0300 | 0049 89a7 | a003 0000 

  0x000001b9111d0e0c: ;   {external_word}
  0x000001b9111d0e0c: 49ba 9c30 | 94cb f97f | 0000 4180 | 3a00 0f84 | 4e00 0000 | 5241 5041 

  0x000001b9111d0e24: ;   {metadata({method} {0x000001b91f3fd870} 'defineClass1' '(Ljava/lang/ClassLoader;Ljava/lang/String;[BIILjava/security/ProtectionDomain;Ljava/lang/String;)Ljava/lang/Class;' in 'java/lang/ClassLoader')}
  0x000001b9111d0e24: 5148 ba68 | d83f 1fb9 | 0100 0049 | 8bcf 4883 | ec20 40f6 | c40f 0f84 | 1900 0000 | 4883 ec08 
  0x000001b9111d0e44: ;   {runtime_call}
  0x000001b9111d0e44: 48b8 40b5 | 44cb f97f | 0000 ffd0 | 4883 c408 | e90c 0000 

  0x000001b9111d0e58: ;   {runtime_call}
  0x000001b9111d0e58: 0048 b840 | b544 cbf9 | 7f00 00ff | d048 83c4 | 2041 5941 | 585a 498d | 8fc0 0300 | 0041 c787 
  0x000001b9111d0e78: 5404 0000 | 0400 0000 

  0x000001b9111d0e80: ;   {runtime_call}
  0x000001b9111d0e80: 48b8 a416 | e7fb f97f | 0000 ffd0 | c5f8 7741 | c787 5404 | 0000 0500 | 0000 f083 | 4424 c000 
  0x000001b9111d0ea0: 493b af58 | 0400 000f | 870e 0000 | 0041 83bf | 5004 0000 | 000f 842b | 0000 00c5 | f877 4889 
  0x000001b9111d0ec0: 45f8 498b | cf4c 8be4 | 4883 ec20 | 4883 e4f0 

  0x000001b9111d0ed0: ;   {runtime_call}
  0x000001b9111d0ed0: 48b8 d01e | 0fcb f97f | 0000 ffd0 | 498b e44d | 33e4 488b | 45f8 41c7 | 8754 0400 | 0008 0000 
  0x000001b9111d0ef0: 0041 83bf | d004 0000 | 020f 84a3 

  0x000001b9111d0efc: ;   {external_word}
  0x000001b9111d0efc: 0200 0049 | ba9c 3094 | cbf9 7f00 | 0041 803a | 000f 844c | 0000 0048 

  0x000001b9111d0f14: ;   {metadata({method} {0x000001b91f3fd870} 'defineClass1' '(Ljava/lang/ClassLoader;Ljava/lang/String;[BIILjava/security/ProtectionDomain;Ljava/lang/String;)Ljava/lang/Class;' in 'java/lang/ClassLoader')}
  0x000001b9111d0f14: 8945 f848 | ba68 d83f | 1fb9 0100 | 0049 8bcf | 4883 ec20 | 40f6 c40f | 0f84 1900 | 0000 4883 
  0x000001b9111d0f34: ;   {runtime_call}
  0x000001b9111d0f34: ec08 48b8 | 40b5 44cb | f97f 0000 | ffd0 4883 | c408 e90c 

  0x000001b9111d0f48: ;   {runtime_call}
  0x000001b9111d0f48: 0000 0048 | b840 b544 | cbf9 7f00 | 00ff d048 | 83c4 2048 | 8b45 f849 | c787 a003 | 0000 0000 
  0x000001b9111d0f68: 0000 49c7 | 87a8 0300 | 0000 0000 | 00c5 f877 | 4885 c00f | 84fe 0100 | 00a8 030f | 8508 0000 
  0x000001b9111d0f88: 0048 8b00 | e9ee 0100 | 00a8 010f | 8509 0000 | 0048 8b40 | fee9 dd01 | 0000 488b | 40ff 4180 
  0x000001b9111d0fa8: 7f38 000f | 84ce 0100 | 0048 83f8 | 000f 84c4 | 0100 0049 | 8b4f 2848 | 83f9 000f | 8414 0000 
  0x000001b9111d0fc8: 0048 83e9 | 0849 894f | 2849 034f | 3048 8901 | e9a2 0100 | 0048 81ec | d000 0000 | 4889 0424 
  0x000001b9111d0fe8: 4889 4c24 | 0848 8954 | 2410 4889 | 7424 1848 | 897c 2420 | 4c89 4424 | 284c 894c | 2430 4c89 
  0x000001b9111d1008: 5424 384c | 895c 2440 | c5fb 1144 | 2450 c5fb | 114c 2458 | c5fb 1154 | 2460 c5fb | 115c 2468 
  0x000001b9111d1028: c5fb 1164 | 2470 c5fb | 116c 2478 | c5fb 11b4 | 2480 0000 | 00c5 fb11 | bc24 8800 | 0000 c57b 
  0x000001b9111d1048: ;   {no_reloc}
  0x000001b9111d1048: 1184 2490 | 0000 00c5 | 7b11 8c24 | 9800 0000 | c57b 1194 | 24a0 0000 | 00c5 7b11 | 9c24 a800 
  0x000001b9111d1068: 0000 c57b | 11a4 24b0 | 0000 00c5 | 7b11 ac24 | b800 0000 | c57b 11b4 | 24c0 0000 | 00c5 7b11 
  0x000001b9111d1088: bc24 c800 | 0000 498b | d748 8bc8 | 4883 ec20 | 40f6 c40f | 0f84 1900 | 0000 4883 

  0x000001b9111d10a4: ;   {runtime_call}
  0x000001b9111d10a4: ec08 48b8 | e03e 02cb | f97f 0000 | ffd0 4883 | c408 e90c 

  0x000001b9111d10b8: ;   {runtime_call}
  0x000001b9111d10b8: 0000 0048 | b8e0 3e02 | cbf9 7f00 | 00ff d048 | 83c4 20c5 | 7b10 bc24 | c800 0000 | c57b 10b4 
  0x000001b9111d10d8: 24c0 0000 | 00c5 7b10 | ac24 b800 | 0000 c57b | 10a4 24b0 | 0000 00c5 | 7b10 9c24 | a800 0000 
  0x000001b9111d10f8: c57b 1094 | 24a0 0000 | 00c5 7b10 | 8c24 9800 | 0000 c57b | 1084 2490 | 0000 00c5 | fb10 bc24 
  0x000001b9111d1118: 8800 0000 | c5fb 10b4 | 2480 0000 | 00c5 fb10 | 6c24 78c5 | fb10 6424 | 70c5 fb10 | 5c24 68c5 
  0x000001b9111d1138: fb10 5424 | 60c5 fb10 | 4c24 58c5 | fb10 4424 | 504c 8b5c | 2440 4c8b | 5424 384c | 8b4c 2430 
  0x000001b9111d1158: 4c8b 4424 | 2848 8b7c | 2420 488b | 7424 1848 | 8b54 2410 | 488b 4c24 | 0848 8b04 | 2448 81c4 
  0x000001b9111d1178: d000 0000 | c5f8 7749 | 8b8f 3004 | 0000 c781 | 0001 0000 | 0000 0000 | c949 837f | 0800 0f85 
  0x000001b9111d1198: 0100 0000 

  0x000001b9111d119c: ;   {runtime_call StubRoutines (initial stubs)}
  0x000001b9111d119c: c3e9 5efd | 9eff c5f8 | 7748 8945 | f84c 8be4 | 4883 ec20 | 4883 e4f0 

  0x000001b9111d11b4: ;   {runtime_call}
  0x000001b9111d11b4: 48b8 90ed | 44cb f97f | 0000 ffd0 | 498b e44d | 33e4 488b | 45f8 e930 | fdff fff4 
[/MachCode]


Compiled method (c1) 2351 1272       3       java.lang.ClassLoader::defineClass (43 bytes)
 total in heap  [0x000001b9098b9090,0x000001b9098b99e8] = 2392
 relocation     [0x000001b9098b91e8,0x000001b9098b9288] = 160
 main code      [0x000001b9098b92a0,0x000001b9098b9740] = 1184
 stub code      [0x000001b9098b9740,0x000001b9098b97b8] = 120
 metadata       [0x000001b9098b97b8,0x000001b9098b97e8] = 48
 scopes data    [0x000001b9098b97e8,0x000001b9098b98d8] = 240
 scopes pcs     [0x000001b9098b98d8,0x000001b9098b99b8] = 224
 dependencies   [0x000001b9098b99b8,0x000001b9098b99c0] = 8
 nul chk table  [0x000001b9098b99c0,0x000001b9098b99e8] = 40

[Constant Pool (empty)]

[MachCode]
[Entry Point]
  # {method} {0x000001b91f3fdbf0} 'defineClass' '(Ljava/lang/String;[BIILjava/security/ProtectionDomain;)Ljava/lang/Class;' in 'java/lang/ClassLoader'
  # this:     rdx:rdx   = 'java/lang/ClassLoader'
  # parm0:    r8:r8     = 'java/lang/String'
  # parm1:    r9:r9     = '[B'
  # parm2:    rdi       = int
  # parm3:    rsi       = int
  # parm4:    rcx:rcx   = 'java/security/ProtectionDomain'
  #           [sp+0xc0]  (sp of caller)
  0x000001b9098b92a0: 448b 5208 | 49bb 0000 | 001f b901 | 0000 4d03 | d34c 3bd0 

  0x000001b9098b92b4: ;   {runtime_call ic_miss_stub}
  0x000001b9098b92b4: 0f85 c654 | 3507 660f | 1f44 0000 
[Verified Entry Point]
  0x000001b9098b92c0: 8984 2400 | 80ff ff55 | 4881 ecb0 | 0000 0090 | 4181 7f20 | 0100 0000 

  0x000001b9098b92d8: ;   {runtime_call StubRoutines (final stubs)}
  0x000001b9098b92d8: 7405 e801 | ba33 0748 | 8954 2478 

  0x000001b9098b92e4: ;   {metadata(method data for {method} {0x000001b91f3fdbf0} 'defineClass' '(Ljava/lang/String;[BIILjava/security/ProtectionDomain;)Ljava/lang/Class;' in 'java/lang/ClassLoader')}
  0x000001b9098b92e4: 48bb 20c0 | 2860 b901 | 0000 8b83 | cc00 0000 | 83c0 0289 | 83cc 0000 | 0025 fe07 | 0000 85c0 
  0x000001b9098b9304: 0f84 5803 | 0000 89b4 | 2494 0000 | 0089 bc24 | 9000 0000 | 4c89 8c24 | 8800 0000 

  0x000001b9098b9320: ;   {metadata(method data for {method} {0x000001b91f3fdbf0} 'defineClass' '(Ljava/lang/String;[BIILjava/security/ProtectionDomain;)Ljava/lang/Class;' in 'java/lang/ClassLoader')}
  0x000001b9098b9320: 488b da48 | b820 c028 | 60b9 0100 | 0048 8380 | 1801 0000 | 0149 8bd8 | 4c8b c34c | 8bc9 488b 
  0x000001b9098b9340: ca48 8bd1 | 4889 9c24 | 8000 0000 

  0x000001b9098b934c: ;   {optimized virtual_call}
  0x000001b9098b934c: 6666 90e8 

  0x000001b9098b9350: ; ImmutableOopMap {[120]=Oop [128]=Oop [136]=Oop }
                      ;*invokevirtual preDefineClass {reexecute=0 rethrow=0 return_oop=0}
                      ; - java.lang.ClassLoader::defineClass@4 (line 1021)
  0x000001b9098b9350: ccb7 ffff 

  0x000001b9098b9354: ;   {other}
  0x000001b9098b9354: 0f1f 8400 | c402 0000 | 4889 8424 | 9800 0000 | 488b 5424 

  0x000001b9098b9368: ;   {metadata(method data for {method} {0x000001b91f3fdbf0} 'defineClass' '(Ljava/lang/String;[BIILjava/security/ProtectionDomain;)Ljava/lang/Class;' in 'java/lang/ClassLoader')}
  0x000001b9098b9368: 7849 b820 | c028 60b9 | 0100 0049 | 8380 4801 

  0x000001b9098b9378: ;   {metadata(method data for {method} {0x000001b91f3fd8d8} 'defineClassSourceLocation' '(Ljava/security/ProtectionDomain;)Ljava/lang/String;' in 'java/lang/ClassLoader')}
  0x000001b9098b9378: 0000 0149 | b8f8 402e | 60b9 0100 | 0041 8b90 | cc00 0000 | 83c2 0241 | 8990 cc00 | 0000 81e2 
  0x000001b9098b9398: feff 1f00 | 85d2 0f84 | df02 0000 

  0x000001b9098b93a4: ; implicit exception: dispatches to 0x000001b9098b96a4
  0x000001b9098b93a4: 483b 004c 

  0x000001b9098b93a8: ;   {metadata(method data for {method} {0x000001b91f3fd8d8} 'defineClassSourceLocation' '(Ljava/security/ProtectionDomain;)Ljava/lang/String;' in 'java/lang/ClassLoader')}
  0x000001b9098b93a8: 8bc0 48ba | f840 2e60 | b901 0000 | 4883 8218 | 0100 0001 | 448b 4010 | 49c1 e003 

  0x000001b9098b93c4: ;   {metadata(method data for {method} {0x000001b91f3fd8d8} 'defineClassSourceLocation' '(Ljava/security/ProtectionDomain;)Ljava/lang/String;' in 'java/lang/ClassLoader')}
  0x000001b9098b93c4: 4d85 c048 | baf8 402e | 60b9 0100 | 0048 c7c6 | 5801 0000 | 7507 48c7 | c648 0100 | 0048 8b3c 
  0x000001b9098b93e4: 3248 8d7f | 0148 893c | 320f 850f 

  0x000001b9098b93f0: ;   {oop(nullptr)}
  0x000001b9098b93f0: 0000 0048 | bb00 0000 | 0000 0000 | 00e9 a501 | 0000 493b | 0049 8bd0 

  0x000001b9098b9408: ;   {metadata(method data for {method} {0x000001b91f3fd8d8} 'defineClassSourceLocation' '(Ljava/security/ProtectionDomain;)Ljava/lang/String;' in 'java/lang/ClassLoader')}
  0x000001b9098b9408: 48be f840 | 2e60 b901 | 0000 4883 | 8668 0100 | 0001 418b | 500c 48c1 | e203 4885 

  0x000001b9098b9424: ;   {metadata(method data for {method} {0x000001b91f3fd8d8} 'defineClassSourceLocation' '(Ljava/security/ProtectionDomain;)Ljava/lang/String;' in 'java/lang/ClassLoader')}
  0x000001b9098b9424: d248 bef8 | 402e 60b9 | 0100 0048 | c7c7 a801 | 0000 7507 | 48c7 c798 | 0100 0048 | 8b1c 3e48 
  0x000001b9098b9444: 8d5b 0148 | 891c 3e0f | 850f 0000 

  0x000001b9098b9450: ;   {oop(nullptr)}
  0x000001b9098b9450: 0048 bb00 | 0000 0000 | 0000 00e9 | 4701 0000 

  0x000001b9098b9460: ;   {metadata(method data for {method} {0x000001b91f3fd8d8} 'defineClassSourceLocation' '(Ljava/security/ProtectionDomain;)Ljava/lang/String;' in 'java/lang/ClassLoader')}
  0x000001b9098b9460: 48be f840 | 2e60 b901 | 0000 4883 | 86b8 0100 | 0001 483b | 024c 8bc2 

  0x000001b9098b9478: ;   {metadata(method data for {method} {0x000001b91f3fd8d8} 'defineClassSourceLocation' '(Ljava/security/ProtectionDomain;)Ljava/lang/String;' in 'java/lang/ClassLoader')}
  0x000001b9098b9478: 48be f840 | 2e60 b901 | 0000 4883 | 86e8 0100 

  0x000001b9098b9488: ;   {metadata(method data for {method} {0x000001b91f01a690} 'toString' '()Ljava/lang/String;' in 'java/net/URL')}
  0x000001b9098b9488: 0001 49b8 | 18d2 1b60 | b901 0000 | 418b b0cc | 0000 0083 | c602 4189 | b0cc 0000 | 0081 e6fe 
  0x000001b9098b94a8: ff1f 0085 | f60f 8400 | 0200 004c 

  0x000001b9098b94b4: ;   {metadata(method data for {method} {0x000001b91f01a690} 'toString' '()Ljava/lang/String;' in 'java/net/URL')}
  0x000001b9098b94b4: 8bc2 48be | 18d2 1b60 | b901 0000 | 4883 8618 | 0100 0001 

  0x000001b9098b94c8: ;   {metadata(method data for {method} {0x000001b91f3f24d0} 'toExternalForm' '()Ljava/lang/String;' in 'java/net/URL')}
  0x000001b9098b94c8: 49b8 a0d3 | 1b60 b901 | 0000 418b | b0cc 0000 | 0083 c602 | 4189 b0cc | 0000 0081 | e6fe ff1f 
  0x000001b9098b94e8: 0085 f60f | 84e3 0100 | 008b 7238 | 48c1 e603 

  0x000001b9098b94f8: ; implicit exception: dispatches to 0x000001b9098b96f5
  0x000001b9098b94f8: 483b 064c 

  0x000001b9098b94fc: ;   {metadata(method data for {method} {0x000001b91f3f24d0} 'toExternalForm' '()Ljava/lang/String;' in 'java/net/URL')}
  0x000001b9098b94fc: 8bc6 48bf | a0d3 1b60 | b901 0000 | 458b 4008 | 49ba 0000 | 001f b901 | 0000 4d03 | c24c 3b87 
  0x000001b9098b951c: 2001 0000 | 750d 4883 | 8728 0100 | 0001 e960 | 0000 004c | 3b87 3001 | 0000 750d | 4883 8738 
  0x000001b9098b953c: 0100 0001 | e94a 0000 | 0048 83bf | 2001 0000 | 0075 174c | 8987 2001 | 0000 48c7 | 8728 0100 
  0x000001b9098b955c: 0001 0000 | 00e9 2900 | 0000 4883 | bf30 0100 | 0000 7517 | 4c89 8730 | 0100 0048 | c787 3801 
  0x000001b9098b957c: 0000 0100 | 0000 e908 | 0000 0048 | 8387 1801 | 0000 014c | 8bc2 488b 

  0x000001b9098b9594: ;   {optimized virtual_call}
  0x000001b9098b9594: d666 90e8 

  0x000001b9098b9598: ; ImmutableOopMap {[120]=Oop [128]=Oop [136]=Oop [152]=Oop }
                      ;*invokevirtual toExternalForm {reexecute=0 rethrow=0 return_oop=0}
                      ; - java.net.URL::toExternalForm@5 (line 1203)
                      ; - java.net.URL::toString@1 (line 1189)
                      ; - java.lang.ClassLoader::defineClassSourceLocation@22 (line 925)
                      ; - java.lang.ClassLoader::defineClass@12 (line 1022)
  0x000001b9098b9598: 64a6 f7ff 

  0x000001b9098b959c: ;   {other}
  0x000001b9098b959c: 0f1f 8400 | 0c05 0001 | 488b d848 | 8b84 2498 | 0000 008b | b424 9400 | 0000 8bbc | 2490 0000 
  0x000001b9098b95bc: 004c 8b8c | 2488 0000 | 004c 8b84 | 2480 0000 | 0048 8b54 

  0x000001b9098b95d0: ;   {metadata(method data for {method} {0x000001b91f3fdbf0} 'defineClass' '(Ljava/lang/String;[BIILjava/security/ProtectionDomain;)Ljava/lang/Class;' in 'java/lang/ClassLoader')}
  0x000001b9098b95d0: 2478 48b9 | 20c0 2860 | b901 0000 | 4883 8178 | 0100 0001 | 4c8b da49 | 8bd3 488b | c848 891c 
  0x000001b9098b95f0: 2466 0f1f 

  0x000001b9098b95f4: ;   {static_call}
  0x000001b9098b95f4: 4400 00e8 

  0x000001b9098b95f8: ; ImmutableOopMap {[120]=Oop [152]=Oop }
                      ;*invokestatic defineClass1 {reexecute=0 rethrow=0 return_oop=0}
                      ; - java.lang.ClassLoader::defineClass@27 (line 1023)
  0x000001b9098b95f8: 4477 9107 

  0x000001b9098b95fc: ;   {other}
  0x000001b9098b95fc: 0f1f 8400 | 6c05 0002 | 488b 5424 

  0x000001b9098b9608: ;   {metadata(method data for {method} {0x000001b91f3fdbf0} 'defineClass' '(Ljava/lang/String;[BIILjava/security/ProtectionDomain;)Ljava/lang/Class;' in 'java/lang/ClassLoader')}
  0x000001b9098b9608: 7849 b820 | c028 60b9 | 0100 0049 | 8380 8801 | 0000 014c | 8bc0 4c8b | 8c24 9800 | 0000 488b 
  0x000001b9098b9628: 5424 7848 | 8984 24a0 | 0000 000f 

  0x000001b9098b9634: ;   {optimized virtual_call}
  0x000001b9098b9634: 1f40 00e8 

  0x000001b9098b9638: ; ImmutableOopMap {[160]=Oop }
                      ;*invokevirtual postDefineClass {reexecute=0 rethrow=0 return_oop=0}
                      ; - java.lang.ClassLoader::defineClass@37 (line 1024)
  0x000001b9098b9638: 64ec ffff 

  0x000001b9098b963c: ;   {other}
  0x000001b9098b963c: 0f1f 8400 | ac05 0003 | 488b 8424 | a000 0000 | 4881 c4b0 | 0000 005d 

  0x000001b9098b9654: ;   {poll_return}
  0x000001b9098b9654: 493b a758 | 0400 000f | 8799 0000 

  0x000001b9098b9660: ;   {metadata({method} {0x000001b91f3fdbf0} 'defineClass' '(Ljava/lang/String;[BIILjava/security/ProtectionDomain;)Ljava/lang/Class;' in 'java/lang/ClassLoader')}
  0x000001b9098b9660: 00c3 49ba | e8db 3f1f | b901 0000 | 4c89 5424 | 0848 c704 | 24ff ffff 

  0x000001b9098b9678: ;   {runtime_call counter_overflow Runtime1 stub}
  0x000001b9098b9678: ffe8 02c1 

  0x000001b9098b967c: ; ImmutableOopMap {rdx=Oop r8=Oop r9=Oop rcx=Oop [120]=Oop }
                      ;*synchronization entry
                      ; - java.lang.ClassLoader::defineClass@-1 (line 1021)
  0x000001b9098b967c: 4107 e987 

  0x000001b9098b9680: ;   {metadata({method} {0x000001b91f3fd8d8} 'defineClassSourceLocation' '(Ljava/security/ProtectionDomain;)Ljava/lang/String;' in 'java/lang/ClassLoader')}
  0x000001b9098b9680: fcff ff49 | bad0 d83f | 1fb9 0100 | 004c 8954 | 2408 48c7 | 0424 ffff 

  0x000001b9098b9698: ;   {runtime_call counter_overflow Runtime1 stub}
  0x000001b9098b9698: ffff e8e1 

  0x000001b9098b969c: ; ImmutableOopMap {rax=Oop [120]=Oop [128]=Oop [136]=Oop [152]=Oop }
                      ;*synchronization entry
                      ; - java.lang.ClassLoader::defineClassSourceLocation@-1 (line 922)
                      ; - java.lang.ClassLoader::defineClass@12 (line 1022)
  0x000001b9098b969c: c041 07e9 | 00fd ffff 

  0x000001b9098b96a4: ;   {runtime_call throw_null_pointer_exception Runtime1 stub}
  0x000001b9098b96a4: e8d7 6f41 

  0x000001b9098b96a8: ; ImmutableOopMap {rax=Oop [120]=Oop [128]=Oop [136]=Oop [152]=Oop }
                      ;*invokevirtual getCodeSource {reexecute=0 rethrow=0 return_oop=0}
                      ; - java.lang.ClassLoader::defineClassSourceLocation@1 (line 922)
                      ; - java.lang.ClassLoader::defineClass@12 (line 1022)
                      ;   {runtime_call throw_null_pointer_exception Runtime1 stub}
  0x000001b9098b96a8: 07e8 d26f 

  0x000001b9098b96ac: ; ImmutableOopMap {rax=Oop r8=Oop [120]=Oop [128]=Oop [136]=Oop [152]=Oop }
                      ;*invokevirtual getLocation {reexecute=0 rethrow=0 return_oop=0}
                      ; - java.lang.ClassLoader::defineClassSourceLocation@12 (line 924)
                      ; - java.lang.ClassLoader::defineClass@12 (line 1022)
                      ;   {runtime_call throw_null_pointer_exception Runtime1 stub}
  0x000001b9098b96ac: 4107 e8cd 

  0x000001b9098b96b0: ; ImmutableOopMap {rdx=Oop [120]=Oop [128]=Oop [136]=Oop [152]=Oop }
                      ;*invokevirtual toString {reexecute=0 rethrow=0 return_oop=0}
                      ; - java.lang.ClassLoader::defineClassSourceLocation@22 (line 925)
                      ; - java.lang.ClassLoader::defineClass@12 (line 1022)
                      ;   {metadata({method} {0x000001b91f01a690} 'toString' '()Ljava/lang/String;' in 'java/net/URL')}
  0x000001b9098b96b0: 6f41 0749 | ba88 a601 | 1fb9 0100 | 004c 8954 | 2408 48c7 | 0424 ffff 

  0x000001b9098b96c8: ;   {runtime_call counter_overflow Runtime1 stub}
  0x000001b9098b96c8: ffff e8b1 

  0x000001b9098b96cc: ; ImmutableOopMap {rdx=Oop [120]=Oop [128]=Oop [136]=Oop [152]=Oop }
                      ;*synchronization entry
                      ; - java.net.URL::toString@-1 (line 1189)
                      ; - java.lang.ClassLoader::defineClassSourceLocation@22 (line 925)
                      ; - java.lang.ClassLoader::defineClass@12 (line 1022)
  0x000001b9098b96cc: c041 07e9 | dffd ffff 

  0x000001b9098b96d4: ;   {metadata({method} {0x000001b91f3f24d0} 'toExternalForm' '()Ljava/lang/String;' in 'java/net/URL')}
  0x000001b9098b96d4: 49ba c824 | 3f1f b901 | 0000 4c89 | 5424 0848 | c704 24ff 

  0x000001b9098b96e8: ;   {runtime_call counter_overflow Runtime1 stub}
  0x000001b9098b96e8: ffff ffe8 

  0x000001b9098b96ec: ; ImmutableOopMap {rdx=Oop [120]=Oop [128]=Oop [136]=Oop [152]=Oop }
                      ;*synchronization entry
                      ; - java.net.URL::toExternalForm@-1 (line 1203)
                      ; - java.net.URL::toString@1 (line 1189)
                      ; - java.lang.ClassLoader::defineClassSourceLocation@22 (line 925)
                      ; - java.lang.ClassLoader::defineClass@12 (line 1022)
  0x000001b9098b96ec: 90c0 4107 | e9fc fdff 

  0x000001b9098b96f4: ;   {runtime_call throw_null_pointer_exception Runtime1 stub}
  0x000001b9098b96f4: ffe8 866f 

  0x000001b9098b96f8: ; ImmutableOopMap {rdx=Oop rsi=Oop [120]=Oop [128]=Oop [136]=Oop [152]=Oop }
                      ;*invokevirtual toExternalForm {reexecute=0 rethrow=0 return_oop=0}
                      ; - java.net.URL::toExternalForm@5 (line 1203)
                      ; - java.net.URL::toString@1 (line 1189)
                      ; - java.lang.ClassLoader::defineClassSourceLocation@22 (line 925)
                      ; - java.lang.ClassLoader::defineClass@12 (line 1022)
                      ;   {internal_word}
  0x000001b9098b96f8: 4107 49ba | 5496 8b09 | b901 0000 | 4d89 9770 

  0x000001b9098b9708: ;   {runtime_call SafepointBlob}
  0x000001b9098b9708: 0400 00e9 | f0bf 3507 | 498b 8708 | 0500 0049 | c787 0805 | 0000 0000 | 0000 49c7 | 8710 0500 
  0x000001b9098b9728: 0000 0000 | 0048 81c4 | b000 0000 

  0x000001b9098b9734: ;   {runtime_call unwind_exception Runtime1 stub}
  0x000001b9098b9734: 5de9 4660 | 4107 f4f4 | f4f4 f4f4 
[Stub Code]
  0x000001b9098b9740: ;   {no_reloc}
  0x000001b9098b9740: 0f1f 4400 

  0x000001b9098b9744: ;   {static_stub}
  0x000001b9098b9744: 0048 bb00 | 0000 0000 

  0x000001b9098b974c: ;   {runtime_call}
  0x000001b9098b974c: 0000 00e9 | fbff ffff 

  0x000001b9098b9754: ;   {static_stub}
  0x000001b9098b9754: 48bb 0000 | 0000 0000 

  0x000001b9098b975c: ;   {runtime_call}
  0x000001b9098b975c: 0000 e9fb 

  0x000001b9098b9760: ;   {static_stub}
  0x000001b9098b9760: ffff ff48 | bb00 0000 | 0000 0000 

  0x000001b9098b976c: ;   {runtime_call}
  0x000001b9098b976c: 00e9 fbff 

  0x000001b9098b9770: ;   {static_stub}
  0x000001b9098b9770: ffff 48bb | 0000 0000 | 0000 0000 

  0x000001b9098b977c: ;   {runtime_call}
  0x000001b9098b977c: e9fb ffff 

  0x000001b9098b9780: ;   {runtime_call handle_exception_from_callee Runtime1 stub}
  0x000001b9098b9780: ffe8 fa8c 

  0x000001b9098b9784: ;   {external_word}
  0x000001b9098b9784: 4107 48b9 | d018 6ccb | f97f 0000 | 4883 e4f0 

  0x000001b9098b9794: ;   {runtime_call}
  0x000001b9098b9794: 48b8 c094 | 33cb f97f | 0000 ffd0 

  0x000001b9098b97a0: ;   {section_word}
  0x000001b9098b97a0: f449 baa1 | 978b 09b9 | 0100 0041 

  0x000001b9098b97ac: ;   {runtime_call DeoptimizationBlob}
  0x000001b9098b97ac: 52e9 eeb1 | 3507 f4f4 | f4f4 f4f4 
[/MachCode]


Compiled method (c1) 2370 1174       3       java.security.SecureClassLoader::defineClass (16 bytes)
 total in heap  [0x000001b90988c990,0x000001b90988cd90] = 1024
 relocation     [0x000001b90988cae8,0x000001b90988cb38] = 80
 main code      [0x000001b90988cb40,0x000001b90988cc98] = 344
 stub code      [0x000001b90988cc98,0x000001b90988cce8] = 80
 metadata       [0x000001b90988cce8,0x000001b90988ccf0] = 8
 scopes data    [0x000001b90988ccf0,0x000001b90988cd38] = 72
 scopes pcs     [0x000001b90988cd38,0x000001b90988cd88] = 80
 dependencies   [0x000001b90988cd88,0x000001b90988cd90] = 8

[Constant Pool (empty)]

[MachCode]
[Entry Point]
  # {method} {0x000001b91f0438c0} 'defineClass' '(Ljava/lang/String;[BIILjava/security/CodeSource;)Ljava/lang/Class;' in 'java/security/SecureClassLoader'
  # this:     rdx:rdx   = 'java/security/SecureClassLoader'
  # parm0:    r8:r8     = 'java/lang/String'
  # parm1:    r9:r9     = '[B'
  # parm2:    rdi       = int
  # parm3:    rsi       = int
  # parm4:    rcx:rcx   = 'java/security/CodeSource'
  #           [sp+0x80]  (sp of caller)
  0x000001b90988cb40: 448b 5208 | 49bb 0000 | 001f b901 | 0000 4d03 | d34c 3bd0 

  0x000001b90988cb54: ;   {runtime_call ic_miss_stub}
  0x000001b90988cb54: 0f85 261c | 3807 660f | 1f44 0000 
[Verified Entry Point]
  0x000001b90988cb60: 8984 2400 | 80ff ff55 | 4883 ec70 | 4181 7f20 | 0100 0000 

  0x000001b90988cb74: ;   {runtime_call StubRoutines (final stubs)}
  0x000001b90988cb74: 7405 e865 

  0x000001b90988cb78: ;   {metadata(method data for {method} {0x000001b91f0438c0} 'defineClass' '(Ljava/lang/String;[BIILjava/security/CodeSource;)Ljava/lang/Class;' in 'java/security/SecureClassLoader')}
  0x000001b90988cb78: 8136 0748 | bb98 211e | 60b9 0100 | 008b 83cc | 0000 0083 | c002 8983 | cc00 0000 | 25fe 0700 
  0x000001b90988cb98: 0085 c00f | 8496 0000 | 0089 7424 | 5c89 7c24 | 584c 894c | 2450 4c89 | 4424 4848 

  0x000001b90988cbb4: ;   {metadata(method data for {method} {0x000001b91f0438c0} 'defineClass' '(Ljava/lang/String;[BIILjava/security/CodeSource;)Ljava/lang/Class;' in 'java/security/SecureClassLoader')}
  0x000001b90988cbb4: 8bda 48b8 | 9821 1e60 | b901 0000 | 4883 8018 | 0100 0001 | 4c8b c148 | 8bc2 488b | d048 8944 
  0x000001b90988cbd4: ;   {optimized virtual_call}
  0x000001b90988cbd4: 2440 90e8 

  0x000001b90988cbd8: ; ImmutableOopMap {[64]=Oop [72]=Oop [80]=Oop }
                      ;*invokevirtual getProtectionDomain {reexecute=0 rethrow=0 return_oop=0}
                      ; - java.security.SecureClassLoader::defineClass@9 (line 150)
  0x000001b90988cbd8: 4404 0000 

  0x000001b90988cbdc: ;   {other}
  0x000001b90988cbdc: 0f1f 8400 | 4c02 0000 | 488b 5424 

  0x000001b90988cbe8: ;   {metadata(method data for {method} {0x000001b91f0438c0} 'defineClass' '(Ljava/lang/String;[BIILjava/security/CodeSource;)Ljava/lang/Class;' in 'java/security/SecureClassLoader')}
  0x000001b90988cbe8: 4049 b898 | 211e 60b9 | 0100 0049 | 8380 4801 | 0000 014c | 8b44 2448 | 4c8b 4c24 | 508b 7c24 
  0x000001b90988cc08: 588b 7424 | 5c48 8bc8 | 488b 5424 

  0x000001b90988cc14: ;   {optimized virtual_call}
  0x000001b90988cc14: 4066 90e8 

  0x000001b90988cc18: ; ImmutableOopMap {}
                      ;*invokevirtual defineClass {reexecute=0 rethrow=0 return_oop=0}
                      ; - java.security.SecureClassLoader::defineClass@12 (line 150)
  0x000001b90988cc18: a4c6 0200 

  0x000001b90988cc1c: ;   {other}
  0x000001b90988cc1c: 0f1f 8400 | 8c02 0001 | 4883 c470 

  0x000001b90988cc28: ;   {poll_return}
  0x000001b90988cc28: 5d49 3ba7 | 5804 0000 | 0f87 2200 

  0x000001b90988cc34: ;   {metadata({method} {0x000001b91f0438c0} 'defineClass' '(Ljava/lang/String;[BIILjava/security/CodeSource;)Ljava/lang/Class;' in 'java/security/SecureClassLoader')}
  0x000001b90988cc34: 0000 c349 | bab8 3804 | 1fb9 0100 | 004c 8954 | 2408 48c7 | 0424 ffff 

  0x000001b90988cc4c: ;   {runtime_call counter_overflow Runtime1 stub}
  0x000001b90988cc4c: ffff e82d 

  0x000001b90988cc50: ; ImmutableOopMap {rdx=Oop r8=Oop r9=Oop rcx=Oop }
                      ;*synchronization entry
                      ; - java.security.SecureClassLoader::defineClass@-1 (line 150)
  0x000001b90988cc50: 8b44 07e9 | 49ff ffff 

  0x000001b90988cc58: ;   {internal_word}
  0x000001b90988cc58: 49ba 29cc | 8809 b901 | 0000 4d89 | 9770 0400 

  0x000001b90988cc68: ;   {runtime_call SafepointBlob}
  0x000001b90988cc68: 00e9 928a | 3807 498b | 8708 0500 | 0049 c787 | 0805 0000 | 0000 0000 | 49c7 8710 | 0500 0000 
  0x000001b90988cc88: 0000 0048 | 83c4 705d 

  0x000001b90988cc90: ;   {runtime_call unwind_exception Runtime1 stub}
  0x000001b90988cc90: e9eb 2a44 | 07f4 f4f4 
[Stub Code]
  0x000001b90988cc98: ;   {no_reloc}
  0x000001b90988cc98: 48bb 0000 | 0000 0000 

  0x000001b90988cca0: ;   {runtime_call}
  0x000001b90988cca0: 0000 e9fb 

  0x000001b90988cca4: ;   {static_stub}
  0x000001b90988cca4: ffff ff48 | bbe8 db3f | 1fb9 0100 

  0x000001b90988ccb0: ;   {runtime_call I2C/C2I adapters}
  0x000001b90988ccb0: 00e9 bf44 

  0x000001b90988ccb4: ;   {runtime_call handle_exception_from_callee Runtime1 stub}
  0x000001b90988ccb4: 3707 e8c5 

  0x000001b90988ccb8: ;   {external_word}
  0x000001b90988ccb8: 5744 0748 | b9d0 186c | cbf9 7f00 | 0048 83e4 

  0x000001b90988ccc8: ;   {runtime_call}
  0x000001b90988ccc8: f048 b8c0 | 9433 cbf9 | 7f00 00ff 

  0x000001b90988ccd4: ;   {section_word}
  0x000001b90988ccd4: d0f4 49ba | d6cc 8809 | b901 0000 

  0x000001b90988cce0: ;   {runtime_call DeoptimizationBlob}
  0x000001b90988cce0: 4152 e9b9 | 7c38 07f4 
[/MachCode]


---------------  P R O C E S S  ---------------

Threads class SMR info:
_java_thread_list=0x000001b91edebf60, length=16, elements={
0x000001b97f802960, 0x000001b91ea079d0, 0x000001b91ea09ab0, 0x000001b91ea0eb90,
0x000001b91ea12a10, 0x000001b91ea13470, 0x000001b91ea13ed0, 0x000001b91ea14c60,
0x000001b91ea16b40, 0x000001b91ec468d0, 0x000001b91ed957a0, 0x000001b91ee0b8c0,
0x000001b91ee80b00, 0x000001b96476d920, 0x000001b9647458a0, 0x000001b9645e4f80
}

Java Threads: ( => current thread )
  0x000001b97f802960 JavaThread "main"                              [_thread_blocked, id=12292, stack(0x000000a9b8c00000,0x000000a9b8d00000) (1024K)]
  0x000001b91ea079d0 JavaThread "Reference Handler"          daemon [_thread_blocked, id=27284, stack(0x000000a9b9400000,0x000000a9b9500000) (1024K)]
  0x000001b91ea09ab0 JavaThread "Finalizer"                  daemon [_thread_blocked, id=20568, stack(0x000000a9b9500000,0x000000a9b9600000) (1024K)]
  0x000001b91ea0eb90 JavaThread "Signal Dispatcher"          daemon [_thread_blocked, id=27248, stack(0x000000a9b9600000,0x000000a9b9700000) (1024K)]
  0x000001b91ea12a10 JavaThread "Attach Listener"            daemon [_thread_blocked, id=33060, stack(0x000000a9b9700000,0x000000a9b9800000) (1024K)]
  0x000001b91ea13470 JavaThread "Service Thread"             daemon [_thread_blocked, id=28780, stack(0x000000a9b9800000,0x000000a9b9900000) (1024K)]
  0x000001b91ea13ed0 JavaThread "Monitor Deflation Thread"   daemon [_thread_blocked, id=21860, stack(0x000000a9b9900000,0x000000a9b9a00000) (1024K)]
  0x000001b91ea14c60 JavaThread "C2 CompilerThread0"         daemon [_thread_blocked, id=31992, stack(0x000000a9b9a00000,0x000000a9b9b00000) (1024K)]
  0x000001b91ea16b40 JavaThread "C1 CompilerThread0"         daemon [_thread_blocked, id=23524, stack(0x000000a9b9b00000,0x000000a9b9c00000) (1024K)]
  0x000001b91ec468d0 JavaThread "Common-Cleaner"             daemon [_thread_blocked, id=31820, stack(0x000000a9b9c00000,0x000000a9b9d00000) (1024K)]
  0x000001b91ed957a0 JavaThread "C2 CompilerThread1"         daemon [_thread_blocked, id=3532, stack(0x000000a9b9d00000,0x000000a9b9e00000) (1024K)]
  0x000001b91ee0b8c0 JavaThread "Monitor Ctrl-Break"         daemon [_thread_in_native, id=31052, stack(0x000000a9b9e00000,0x000000a9b9f00000) (1024K)]
  0x000001b91ee80b00 JavaThread "Notification Thread"        daemon [_thread_blocked, id=17164, stack(0x000000a9b9f00000,0x000000a9ba000000) (1024K)]
  0x000001b96476d920 JavaThread "Thread-0"                          [_thread_blocked, id=26164, stack(0x000000a9ba300000,0x000000a9ba400000) (1024K)]
  0x000001b9647458a0 JavaThread "restartedMain"                     [_thread_in_vm, id=32136, stack(0x000000a9ba400000,0x000000a9ba500000) (1024K)]
=>0x000001b9645e4f80 JavaThread "background-preinit"                [_thread_in_vm, id=34268, stack(0x000000a9ba500000,0x000000a9ba600000) (1024K)]
Total: 16

Other Threads:
  0x000001b91e9ec930 VMThread "VM Thread"                           [id=18156, stack(0x000000a9b9300000,0x000000a9b9400000) (1024K)]
  0x000001b91e9d7380 WatcherThread "VM Periodic Task Thread"        [id=28660, stack(0x000000a9b9200000,0x000000a9b9300000) (1024K)]
  0x000001b97f85f8a0 WorkerThread "GC Thread#0"                     [id=20208, stack(0x000000a9b8d00000,0x000000a9b8e00000) (1024K)]
  0x000001b9646f97f0 WorkerThread "GC Thread#1"                     [id=24348, stack(0x000000a9ba000000,0x000000a9ba100000) (1024K)]
  0x000001b9646f9ba0 WorkerThread "GC Thread#2"                     [id=27652, stack(0x000000a9ba100000,0x000000a9ba200000) (1024K)]
  0x000001b964972070 WorkerThread "GC Thread#3"                     [id=14172, stack(0x000000a9ba200000,0x000000a9ba300000) (1024K)]
  0x000001b97f86e630 ConcurrentGCThread "G1 Main Marker"            [id=29128, stack(0x000000a9b8e00000,0x000000a9b8f00000) (1024K)]
  0x000001b97f86f050 WorkerThread "G1 Conc#0"                       [id=25336, stack(0x000000a9b8f00000,0x000000a9b9000000) (1024K)]
  0x000001b97f8beab0 ConcurrentGCThread "G1 Refine#0"               [id=27560, stack(0x000000a9b9000000,0x000000a9b9100000) (1024K)]
  0x000001b91e8aa770 ConcurrentGCThread "G1 Service"                [id=8408, stack(0x000000a9b9100000,0x000000a9b9200000) (1024K)]
Total: 10

Threads with active compile tasks:
Total: 0

VM state: not at safepoint (normal execution)

VM Mutex/Monitor currently owned by a thread:  ([mutex/lock_event])
[0x00007ff9cb969b38] Metaspace_lock - owner thread: 0x000001b9645e4f80

Heap address: 0x0000000721600000, size: 3562 MB, Compressed Oops mode: Zero based, Oop shift amount: 3

CDS archive(s) mapped at: [0x000001b91f000000-0x000001b91fc50000-0x000001b91fc50000), size 12910592, SharedBaseAddress: 0x000001b91f000000, ArchiveRelocationMode: 1.
Compressed class space mapped at: 0x000001b920000000-0x000001b960000000, reserved size: 1073741824
Narrow klass base: 0x000001b91f000000, Narrow klass shift: 0, Narrow klass range: 0x41000000

GC Precious Log:
 CardTable entry size: 512
 Card Set container configuration: InlinePtr #cards 4 size 8 Array Of Cards #cards 16 size 48 Howl #buckets 8 coarsen threshold 3686 Howl Bitmap #cards 512 size 80 coarsen threshold 460 Card regions per heap region 1 cards per card region 4096
 CPUs: 4 total, 4 available
 Memory: 14246M
 Large Page Support: Disabled
 NUMA Support: Disabled
 Compressed Oops: Enabled (Zero based)
 Heap Region Size: 2M
 Heap Min Capacity: 8M
 Heap Initial Capacity: 224M
 Heap Max Capacity: 3562M
 Pre-touch: Disabled
 Parallel Workers: 4
 Concurrent Workers: 1
 Concurrent Refinement Workers: 4
 Periodic GC: Disabled

Heap:
 garbage-first heap   total reserved 3647488K, committed 229376K, used 17944K [0x0000000721600000, 0x0000000800000000)
  region size 2048K, 8 young (16384K), 2 survivors (4096K)
 Metaspace       used 17803K, committed 18048K, reserved 1114112K
  class space    used 2254K, committed 2368K, reserved 1048576K

Heap Regions: E=young(eden), S=young(survivor), O=old, HS=humongous(starts), HC=humongous(continues), CS=collection set, F=free, TAMS=top-at-mark-start, PB=parsable bottom
|   0|0x0000000721600000, 0x0000000721800000, 0x0000000721800000|100%| O|  |TAMS 0x0000000721600000| PB 0x0000000721600000| Untracked |  0
|   1|0x0000000721800000, 0x0000000721a00000, 0x0000000721a00000|100%| O|  |TAMS 0x0000000721800000| PB 0x0000000721800000| Untracked |  0
|   2|0x0000000721a00000, 0x0000000721c00000, 0x0000000721c00000|100%| O|  |TAMS 0x0000000721a00000| PB 0x0000000721a00000| Untracked |  0
|   3|0x0000000721c00000, 0x0000000721c5e688, 0x0000000721e00000| 18%| O|  |TAMS 0x0000000721c00000| PB 0x0000000721c00000| Untracked |  0
|   4|0x0000000721e00000, 0x0000000721e00000, 0x0000000722000000|  0%| F|  |TAMS 0x0000000721e00000| PB 0x0000000721e00000| Untracked |  0
|   5|0x0000000722000000, 0x0000000722000000, 0x0000000722200000|  0%| F|  |TAMS 0x0000000722000000| PB 0x0000000722000000| Untracked |  0
|   6|0x0000000722200000, 0x0000000722200000, 0x0000000722400000|  0%| F|  |TAMS 0x0000000722200000| PB 0x0000000722200000| Untracked |  0
|   7|0x0000000722400000, 0x0000000722400000, 0x0000000722600000|  0%| F|  |TAMS 0x0000000722400000| PB 0x0000000722400000| Untracked |  0
|   8|0x0000000722600000, 0x0000000722600000, 0x0000000722800000|  0%| F|  |TAMS 0x0000000722600000| PB 0x0000000722600000| Untracked |  0
|   9|0x0000000722800000, 0x0000000722800000, 0x0000000722a00000|  0%| F|  |TAMS 0x0000000722800000| PB 0x0000000722800000| Untracked |  0
|  10|0x0000000722a00000, 0x0000000722a00000, 0x0000000722c00000|  0%| F|  |TAMS 0x0000000722a00000| PB 0x0000000722a00000| Untracked |  0
|  11|0x0000000722c00000, 0x0000000722c00000, 0x0000000722e00000|  0%| F|  |TAMS 0x0000000722c00000| PB 0x0000000722c00000| Untracked |  0
|  12|0x0000000722e00000, 0x0000000722e00000, 0x0000000723000000|  0%| F|  |TAMS 0x0000000722e00000| PB 0x0000000722e00000| Untracked |  0
|  13|0x0000000723000000, 0x0000000723000000, 0x0000000723200000|  0%| F|  |TAMS 0x0000000723000000| PB 0x0000000723000000| Untracked |  0
|  14|0x0000000723200000, 0x0000000723200000, 0x0000000723400000|  0%| F|  |TAMS 0x0000000723200000| PB 0x0000000723200000| Untracked |  0
|  15|0x0000000723400000, 0x0000000723400000, 0x0000000723600000|  0%| F|  |TAMS 0x0000000723400000| PB 0x0000000723400000| Untracked |  0
|  16|0x0000000723600000, 0x0000000723600000, 0x0000000723800000|  0%| F|  |TAMS 0x0000000723600000| PB 0x0000000723600000| Untracked |  0
|  17|0x0000000723800000, 0x0000000723800000, 0x0000000723a00000|  0%| F|  |TAMS 0x0000000723800000| PB 0x0000000723800000| Untracked |  0
|  18|0x0000000723a00000, 0x0000000723a00000, 0x0000000723c00000|  0%| F|  |TAMS 0x0000000723a00000| PB 0x0000000723a00000| Untracked |  0
|  19|0x0000000723c00000, 0x0000000723c00000, 0x0000000723e00000|  0%| F|  |TAMS 0x0000000723c00000| PB 0x0000000723c00000| Untracked |  0
|  20|0x0000000723e00000, 0x0000000723e00000, 0x0000000724000000|  0%| F|  |TAMS 0x0000000723e00000| PB 0x0000000723e00000| Untracked |  0
|  21|0x0000000724000000, 0x0000000724000000, 0x0000000724200000|  0%| F|  |TAMS 0x0000000724000000| PB 0x0000000724000000| Untracked |  0
|  22|0x0000000724200000, 0x0000000724200000, 0x0000000724400000|  0%| F|  |TAMS 0x0000000724200000| PB 0x0000000724200000| Untracked |  0
|  23|0x0000000724400000, 0x0000000724400000, 0x0000000724600000|  0%| F|  |TAMS 0x0000000724400000| PB 0x0000000724400000| Untracked |  0
|  24|0x0000000724600000, 0x0000000724600000, 0x0000000724800000|  0%| F|  |TAMS 0x0000000724600000| PB 0x0000000724600000| Untracked |  0
|  25|0x0000000724800000, 0x0000000724800000, 0x0000000724a00000|  0%| F|  |TAMS 0x0000000724800000| PB 0x0000000724800000| Untracked |  0
|  26|0x0000000724a00000, 0x0000000724a00000, 0x0000000724c00000|  0%| F|  |TAMS 0x0000000724a00000| PB 0x0000000724a00000| Untracked |  0
|  27|0x0000000724c00000, 0x0000000724c00000, 0x0000000724e00000|  0%| F|  |TAMS 0x0000000724c00000| PB 0x0000000724c00000| Untracked |  0
|  28|0x0000000724e00000, 0x0000000724e00000, 0x0000000725000000|  0%| F|  |TAMS 0x0000000724e00000| PB 0x0000000724e00000| Untracked |  0
|  29|0x0000000725000000, 0x0000000725000000, 0x0000000725200000|  0%| F|  |TAMS 0x0000000725000000| PB 0x0000000725000000| Untracked |  0
|  30|0x0000000725200000, 0x0000000725200000, 0x0000000725400000|  0%| F|  |TAMS 0x0000000725200000| PB 0x0000000725200000| Untracked |  0
|  31|0x0000000725400000, 0x0000000725400000, 0x0000000725600000|  0%| F|  |TAMS 0x0000000725400000| PB 0x0000000725400000| Untracked |  0
|  32|0x0000000725600000, 0x0000000725600000, 0x0000000725800000|  0%| F|  |TAMS 0x0000000725600000| PB 0x0000000725600000| Untracked |  0
|  33|0x0000000725800000, 0x0000000725800000, 0x0000000725a00000|  0%| F|  |TAMS 0x0000000725800000| PB 0x0000000725800000| Untracked |  0
|  34|0x0000000725a00000, 0x0000000725a00000, 0x0000000725c00000|  0%| F|  |TAMS 0x0000000725a00000| PB 0x0000000725a00000| Untracked |  0
|  35|0x0000000725c00000, 0x0000000725c00000, 0x0000000725e00000|  0%| F|  |TAMS 0x0000000725c00000| PB 0x0000000725c00000| Untracked |  0
|  36|0x0000000725e00000, 0x0000000725e00000, 0x0000000726000000|  0%| F|  |TAMS 0x0000000725e00000| PB 0x0000000725e00000| Untracked |  0
|  37|0x0000000726000000, 0x0000000726000000, 0x0000000726200000|  0%| F|  |TAMS 0x0000000726000000| PB 0x0000000726000000| Untracked |  0
|  38|0x0000000726200000, 0x0000000726200000, 0x0000000726400000|  0%| F|  |TAMS 0x0000000726200000| PB 0x0000000726200000| Untracked |  0
|  39|0x0000000726400000, 0x0000000726400000, 0x0000000726600000|  0%| F|  |TAMS 0x0000000726400000| PB 0x0000000726400000| Untracked |  0
|  40|0x0000000726600000, 0x0000000726600000, 0x0000000726800000|  0%| F|  |TAMS 0x0000000726600000| PB 0x0000000726600000| Untracked |  0
|  41|0x0000000726800000, 0x0000000726800000, 0x0000000726a00000|  0%| F|  |TAMS 0x0000000726800000| PB 0x0000000726800000| Untracked |  0
|  42|0x0000000726a00000, 0x0000000726a00000, 0x0000000726c00000|  0%| F|  |TAMS 0x0000000726a00000| PB 0x0000000726a00000| Untracked |  0
|  43|0x0000000726c00000, 0x0000000726c00000, 0x0000000726e00000|  0%| F|  |TAMS 0x0000000726c00000| PB 0x0000000726c00000| Untracked |  0
|  44|0x0000000726e00000, 0x0000000726e00000, 0x0000000727000000|  0%| F|  |TAMS 0x0000000726e00000| PB 0x0000000726e00000| Untracked |  0
|  45|0x0000000727000000, 0x0000000727000000, 0x0000000727200000|  0%| F|  |TAMS 0x0000000727000000| PB 0x0000000727000000| Untracked |  0
|  46|0x0000000727200000, 0x0000000727200000, 0x0000000727400000|  0%| F|  |TAMS 0x0000000727200000| PB 0x0000000727200000| Untracked |  0
|  47|0x0000000727400000, 0x0000000727400000, 0x0000000727600000|  0%| F|  |TAMS 0x0000000727400000| PB 0x0000000727400000| Untracked |  0
|  48|0x0000000727600000, 0x0000000727600000, 0x0000000727800000|  0%| F|  |TAMS 0x0000000727600000| PB 0x0000000727600000| Untracked |  0
|  49|0x0000000727800000, 0x0000000727800000, 0x0000000727a00000|  0%| F|  |TAMS 0x0000000727800000| PB 0x0000000727800000| Untracked |  0
|  50|0x0000000727a00000, 0x0000000727a00000, 0x0000000727c00000|  0%| F|  |TAMS 0x0000000727a00000| PB 0x0000000727a00000| Untracked |  0
|  51|0x0000000727c00000, 0x0000000727c00000, 0x0000000727e00000|  0%| F|  |TAMS 0x0000000727c00000| PB 0x0000000727c00000| Untracked |  0
|  52|0x0000000727e00000, 0x0000000727e00000, 0x0000000728000000|  0%| F|  |TAMS 0x0000000727e00000| PB 0x0000000727e00000| Untracked |  0
|  53|0x0000000728000000, 0x0000000728000000, 0x0000000728200000|  0%| F|  |TAMS 0x0000000728000000| PB 0x0000000728000000| Untracked |  0
|  54|0x0000000728200000, 0x0000000728200000, 0x0000000728400000|  0%| F|  |TAMS 0x0000000728200000| PB 0x0000000728200000| Untracked |  0
|  55|0x0000000728400000, 0x0000000728400000, 0x0000000728600000|  0%| F|  |TAMS 0x0000000728400000| PB 0x0000000728400000| Untracked |  0
|  56|0x0000000728600000, 0x0000000728600000, 0x0000000728800000|  0%| F|  |TAMS 0x0000000728600000| PB 0x0000000728600000| Untracked |  0
|  57|0x0000000728800000, 0x0000000728800000, 0x0000000728a00000|  0%| F|  |TAMS 0x0000000728800000| PB 0x0000000728800000| Untracked |  0
|  58|0x0000000728a00000, 0x0000000728a00000, 0x0000000728c00000|  0%| F|  |TAMS 0x0000000728a00000| PB 0x0000000728a00000| Untracked |  0
|  59|0x0000000728c00000, 0x0000000728c00000, 0x0000000728e00000|  0%| F|  |TAMS 0x0000000728c00000| PB 0x0000000728c00000| Untracked |  0
|  60|0x0000000728e00000, 0x0000000728e00000, 0x0000000729000000|  0%| F|  |TAMS 0x0000000728e00000| PB 0x0000000728e00000| Untracked |  0
|  61|0x0000000729000000, 0x0000000729000000, 0x0000000729200000|  0%| F|  |TAMS 0x0000000729000000| PB 0x0000000729000000| Untracked |  0
|  62|0x0000000729200000, 0x0000000729200000, 0x0000000729400000|  0%| F|  |TAMS 0x0000000729200000| PB 0x0000000729200000| Untracked |  0
|  63|0x0000000729400000, 0x0000000729400000, 0x0000000729600000|  0%| F|  |TAMS 0x0000000729400000| PB 0x0000000729400000| Untracked |  0
|  64|0x0000000729600000, 0x0000000729600000, 0x0000000729800000|  0%| F|  |TAMS 0x0000000729600000| PB 0x0000000729600000| Untracked |  0
|  65|0x0000000729800000, 0x0000000729800000, 0x0000000729a00000|  0%| F|  |TAMS 0x0000000729800000| PB 0x0000000729800000| Untracked |  0
|  66|0x0000000729a00000, 0x0000000729a00000, 0x0000000729c00000|  0%| F|  |TAMS 0x0000000729a00000| PB 0x0000000729a00000| Untracked |  0
|  67|0x0000000729c00000, 0x0000000729c00000, 0x0000000729e00000|  0%| F|  |TAMS 0x0000000729c00000| PB 0x0000000729c00000| Untracked |  0
|  68|0x0000000729e00000, 0x0000000729e00000, 0x000000072a000000|  0%| F|  |TAMS 0x0000000729e00000| PB 0x0000000729e00000| Untracked |  0
|  69|0x000000072a000000, 0x000000072a000000, 0x000000072a200000|  0%| F|  |TAMS 0x000000072a000000| PB 0x000000072a000000| Untracked |  0
|  70|0x000000072a200000, 0x000000072a200000, 0x000000072a400000|  0%| F|  |TAMS 0x000000072a200000| PB 0x000000072a200000| Untracked |  0
|  71|0x000000072a400000, 0x000000072a400000, 0x000000072a600000|  0%| F|  |TAMS 0x000000072a400000| PB 0x000000072a400000| Untracked |  0
|  72|0x000000072a600000, 0x000000072a600000, 0x000000072a800000|  0%| F|  |TAMS 0x000000072a600000| PB 0x000000072a600000| Untracked |  0
|  73|0x000000072a800000, 0x000000072a800000, 0x000000072aa00000|  0%| F|  |TAMS 0x000000072a800000| PB 0x000000072a800000| Untracked |  0
|  74|0x000000072aa00000, 0x000000072aa00000, 0x000000072ac00000|  0%| F|  |TAMS 0x000000072aa00000| PB 0x000000072aa00000| Untracked |  0
|  75|0x000000072ac00000, 0x000000072ac00000, 0x000000072ae00000|  0%| F|  |TAMS 0x000000072ac00000| PB 0x000000072ac00000| Untracked |  0
|  76|0x000000072ae00000, 0x000000072ae00000, 0x000000072b000000|  0%| F|  |TAMS 0x000000072ae00000| PB 0x000000072ae00000| Untracked |  0
|  77|0x000000072b000000, 0x000000072b000000, 0x000000072b200000|  0%| F|  |TAMS 0x000000072b000000| PB 0x000000072b000000| Untracked |  0
|  78|0x000000072b200000, 0x000000072b200000, 0x000000072b400000|  0%| F|  |TAMS 0x000000072b200000| PB 0x000000072b200000| Untracked |  0
|  79|0x000000072b400000, 0x000000072b400000, 0x000000072b600000|  0%| F|  |TAMS 0x000000072b400000| PB 0x000000072b400000| Untracked |  0
|  80|0x000000072b600000, 0x000000072b600000, 0x000000072b800000|  0%| F|  |TAMS 0x000000072b600000| PB 0x000000072b600000| Untracked |  0
|  81|0x000000072b800000, 0x000000072b800000, 0x000000072ba00000|  0%| F|  |TAMS 0x000000072b800000| PB 0x000000072b800000| Untracked |  0
|  82|0x000000072ba00000, 0x000000072ba00000, 0x000000072bc00000|  0%| F|  |TAMS 0x000000072ba00000| PB 0x000000072ba00000| Untracked |  0
|  83|0x000000072bc00000, 0x000000072bc00000, 0x000000072be00000|  0%| F|  |TAMS 0x000000072bc00000| PB 0x000000072bc00000| Untracked |  0
|  84|0x000000072be00000, 0x000000072be00000, 0x000000072c000000|  0%| F|  |TAMS 0x000000072be00000| PB 0x000000072be00000| Untracked |  0
|  85|0x000000072c000000, 0x000000072c000000, 0x000000072c200000|  0%| F|  |TAMS 0x000000072c000000| PB 0x000000072c000000| Untracked |  0
|  86|0x000000072c200000, 0x000000072c200000, 0x000000072c400000|  0%| F|  |TAMS 0x000000072c200000| PB 0x000000072c200000| Untracked |  0
|  87|0x000000072c400000, 0x000000072c400000, 0x000000072c600000|  0%| F|  |TAMS 0x000000072c400000| PB 0x000000072c400000| Untracked |  0
|  88|0x000000072c600000, 0x000000072c600000, 0x000000072c800000|  0%| F|  |TAMS 0x000000072c600000| PB 0x000000072c600000| Untracked |  0
|  89|0x000000072c800000, 0x000000072c800000, 0x000000072ca00000|  0%| F|  |TAMS 0x000000072c800000| PB 0x000000072c800000| Untracked |  0
|  90|0x000000072ca00000, 0x000000072ca00000, 0x000000072cc00000|  0%| F|  |TAMS 0x000000072ca00000| PB 0x000000072ca00000| Untracked |  0
|  91|0x000000072cc00000, 0x000000072cc00000, 0x000000072ce00000|  0%| F|  |TAMS 0x000000072cc00000| PB 0x000000072cc00000| Untracked |  0
|  92|0x000000072ce00000, 0x000000072ce00000, 0x000000072d000000|  0%| F|  |TAMS 0x000000072ce00000| PB 0x000000072ce00000| Untracked |  0
|  93|0x000000072d000000, 0x000000072d127aa0, 0x000000072d200000| 57%| S|CS|TAMS 0x000000072d000000| PB 0x000000072d000000| Complete |  0
|  94|0x000000072d200000, 0x000000072d400000, 0x000000072d400000|100%| S|CS|TAMS 0x000000072d200000| PB 0x000000072d200000| Complete |  0
|  95|0x000000072d400000, 0x000000072d400000, 0x000000072d600000|  0%| F|  |TAMS 0x000000072d400000| PB 0x000000072d400000| Untracked |  0
|  96|0x000000072d600000, 0x000000072d600000, 0x000000072d800000|  0%| F|  |TAMS 0x000000072d600000| PB 0x000000072d600000| Untracked |  0
|  97|0x000000072d800000, 0x000000072d800000, 0x000000072da00000|  0%| F|  |TAMS 0x000000072d800000| PB 0x000000072d800000| Untracked |  0
|  98|0x000000072da00000, 0x000000072da00000, 0x000000072dc00000|  0%| F|  |TAMS 0x000000072da00000| PB 0x000000072da00000| Untracked |  0
|  99|0x000000072dc00000, 0x000000072dc00000, 0x000000072de00000|  0%| F|  |TAMS 0x000000072dc00000| PB 0x000000072dc00000| Untracked |  0
| 100|0x000000072de00000, 0x000000072de00000, 0x000000072e000000|  0%| F|  |TAMS 0x000000072de00000| PB 0x000000072de00000| Untracked |  0
| 101|0x000000072e000000, 0x000000072e000000, 0x000000072e200000|  0%| F|  |TAMS 0x000000072e000000| PB 0x000000072e000000| Untracked |  0
| 102|0x000000072e200000, 0x000000072e200000, 0x000000072e400000|  0%| F|  |TAMS 0x000000072e200000| PB 0x000000072e200000| Untracked |  0
| 103|0x000000072e400000, 0x000000072e400000, 0x000000072e600000|  0%| F|  |TAMS 0x000000072e400000| PB 0x000000072e400000| Untracked |  0
| 104|0x000000072e600000, 0x000000072e600000, 0x000000072e800000|  0%| F|  |TAMS 0x000000072e600000| PB 0x000000072e600000| Untracked |  0
| 105|0x000000072e800000, 0x000000072e800000, 0x000000072ea00000|  0%| F|  |TAMS 0x000000072e800000| PB 0x000000072e800000| Untracked |  0
| 106|0x000000072ea00000, 0x000000072eb74790, 0x000000072ec00000| 72%| E|  |TAMS 0x000000072ea00000| PB 0x000000072ea00000| Complete |  0
| 107|0x000000072ec00000, 0x000000072ee00000, 0x000000072ee00000|100%| E|CS|TAMS 0x000000072ec00000| PB 0x000000072ec00000| Complete |  0
| 108|0x000000072ee00000, 0x000000072f000000, 0x000000072f000000|100%| E|  |TAMS 0x000000072ee00000| PB 0x000000072ee00000| Complete |  0
| 109|0x000000072f000000, 0x000000072f200000, 0x000000072f200000|100%| E|CS|TAMS 0x000000072f000000| PB 0x000000072f000000| Complete |  0
| 110|0x000000072f200000, 0x000000072f400000, 0x000000072f400000|100%| E|CS|TAMS 0x000000072f200000| PB 0x000000072f200000| Complete |  0
| 111|0x000000072f400000, 0x000000072f600000, 0x000000072f600000|100%| E|CS|TAMS 0x000000072f400000| PB 0x000000072f400000| Complete |  0

Card table byte_map: [0x000001b918690000,0x000001b918d90000] _byte_map_base: 0x000001b914d85000

Marking Bits: (CMBitMap*) 0x000001b97f85fec0
 Bits: [0x000001b918d90000, 0x000001b91c538000)

Polling page: 0x000001b97eb80000

Metaspace:

Usage:
  Non-class:     15.18 MB used.
      Class:      2.20 MB used.
       Both:     17.39 MB used.

Virtual space:
  Non-class space:       64.00 MB reserved,      15.31 MB ( 24%) committed,  1 nodes.
      Class space:        1.00 GB reserved,       2.31 MB ( <1%) committed,  1 nodes.
             Both:        1.06 GB reserved,      17.62 MB (  2%) committed. 

Chunk freelists:
   Non-Class:  240.00 KB
       Class:  13.58 MB
        Both:  13.81 MB

MaxMetaspaceSize: unlimited
CompressedClassSpaceSize: 1.00 GB
Initial GC threshold: 21.00 MB
Current GC threshold: 21.00 MB
CDS: on
 - commit_granule_bytes: 65536.
 - commit_granule_words: 8192.
 - virtual_space_node_default_size: 8388608.
 - enlarge_chunks_in_place: 1.
 - use_allocation_guard: 0.


Internal statistics:

num_allocs_failed_limit: 0.
num_arena_births: 268.
num_arena_deaths: 0.
num_vsnodes_births: 2.
num_vsnodes_deaths: 0.
num_space_committed: 282.
num_space_uncommitted: 0.
num_chunks_returned_to_freelist: 0.
num_chunks_taken_from_freelist: 813.
num_chunk_merges: 0.
num_chunk_splits: 540.
num_chunks_enlarged: 379.
num_inconsistent_stats: 0.

CodeHeap 'non-profiled nmethods': size=120000Kb used=937Kb max_used=937Kb free=119062Kb
 bounds [0x000001b911160000, 0x000001b9113d0000, 0x000001b918690000]
CodeHeap 'profiled nmethods': size=120000Kb used=4366Kb max_used=4366Kb free=115633Kb
 bounds [0x000001b909690000, 0x000001b909ae0000, 0x000001b910bc0000]
CodeHeap 'non-nmethods': size=5760Kb used=1435Kb max_used=1452Kb free=4324Kb
 bounds [0x000001b910bc0000, 0x000001b910e30000, 0x000001b911160000]
 total_blobs=2869 nmethods=2349 adapters=424
 compilation: enabled
              stopped_count=0, restarted_count=0
 full_count=0

Compilation events (20 events):
Event: 2.161 Thread 0x000001b91ea16b40 2340   !   3       jdk.proxy2.$Proxy13::value (29 bytes)
Event: 2.162 Thread 0x000001b91ea16b40 nmethod 2340 0x000001b909acf710 code [0x000001b909acf8e0, 0x000001b909acfcc8]
Event: 2.163 Thread 0x000001b91ea16b40 2341       3       org.springframework.core.annotation.AnnotationTypeMapping$MirrorSets::resolve (109 bytes)
Event: 2.163 Thread 0x000001b91ea16b40 nmethod 2341 0x000001b909acfe90 code [0x000001b909ad0080, 0x000001b909ad0690]
Event: 2.163 Thread 0x000001b91ea16b40 2342       3       java.lang.Class::componentType (16 bytes)
Event: 2.163 Thread 0x000001b91ea16b40 nmethod 2342 0x000001b909ad0a10 code [0x000001b909ad0bc0, 0x000001b909ad0d88]
Event: 2.163 Thread 0x000001b91ea16b40 2343       3       org.springframework.core.annotation.TypeMappedAnnotation::getType (8 bytes)
Event: 2.163 Thread 0x000001b91ea16b40 nmethod 2343 0x000001b909ad0e10 code [0x000001b909ad0fa0, 0x000001b909ad10d8]
Event: 2.163 Thread 0x000001b91ea16b40 2345       3       java.util.stream.ReferencePipeline$2::opWrapSink (10 bytes)
Event: 2.163 Thread 0x000001b91ea16b40 nmethod 2345 0x000001b909ad1190 code [0x000001b909ad1380, 0x000001b909ad1920]
Event: 2.164 Thread 0x000001b91ea16b40 2349       3       java.util.ArrayList::addAll (76 bytes)
Event: 2.164 Thread 0x000001b91ea16b40 nmethod 2349 0x000001b909ad1b10 code [0x000001b909ad1ce0, 0x000001b909ad2178]
Event: 2.164 Thread 0x000001b91ea16b40 2348       3       org.springframework.core.annotation.TypeMappedAnnotation::getDistance (8 bytes)
Event: 2.164 Thread 0x000001b91ea16b40 nmethod 2348 0x000001b909ad2310 code [0x000001b909ad24a0, 0x000001b909ad25d0]
Event: 2.164 Thread 0x000001b91ea16b40 2344       3       java.lang.StringLatin1::indexOfNonWhitespace (49 bytes)
Event: 2.164 Thread 0x000001b91ea16b40 nmethod 2344 0x000001b909ad2690 code [0x000001b909ad2860, 0x000001b909ad2c58]
Event: 2.164 Thread 0x000001b91ea16b40 2346       3       java.util.stream.ReferencePipeline$2$1::<init> (11 bytes)
Event: 2.164 Thread 0x000001b91ea16b40 nmethod 2346 0x000001b909ad2e10 code [0x000001b909ad2fe0, 0x000001b909ad34b8]
Event: 2.164 Thread 0x000001b91ea16b40 2347       3       java.util.stream.ReferencePipeline$2$1::begin (13 bytes)
Event: 2.165 Thread 0x000001b91ea16b40 nmethod 2347 0x000001b909ad3610 code [0x000001b909ad37c0, 0x000001b909ad39a8]

GC Heap History (6 events):
Event: 0.736 GC heap before
{Heap before GC invocations=0 (full 0):
 garbage-first heap   total reserved 3647488K, committed 229376K, used 12288K [0x0000000721600000, 0x0000000800000000)
  region size 2048K, 7 young (14336K), 0 survivors (0K)
 Metaspace       used 3302K, committed 3456K, reserved 1114112K
  class space    used 330K, committed 384K, reserved 1048576K
}
Event: 0.741 GC heap after
{Heap after GC invocations=1 (full 0):
 garbage-first heap   total reserved 3647488K, committed 229376K, used 6416K [0x0000000721600000, 0x0000000800000000)
  region size 2048K, 1 young (2048K), 1 survivors (2048K)
 Metaspace       used 3302K, committed 3456K, reserved 1114112K
  class space    used 330K, committed 384K, reserved 1048576K
}
Event: 1.046 GC heap before
{Heap before GC invocations=1 (full 0):
 garbage-first heap   total reserved 3647488K, committed 229376K, used 16656K [0x0000000721600000, 0x0000000800000000)
  region size 2048K, 6 young (12288K), 1 survivors (2048K)
 Metaspace       used 5488K, committed 5696K, reserved 1114112K
  class space    used 620K, committed 704K, reserved 1048576K
}
Event: 1.049 GC heap after
{Heap after GC invocations=2 (full 0):
 garbage-first heap   total reserved 3647488K, committed 229376K, used 7157K [0x0000000721600000, 0x0000000800000000)
  region size 2048K, 1 young (2048K), 1 survivors (2048K)
 Metaspace       used 5488K, committed 5696K, reserved 1114112K
  class space    used 620K, committed 704K, reserved 1048576K
}
Event: 1.955 GC heap before
{Heap before GC invocations=2 (full 0):
 garbage-first heap   total reserved 3647488K, committed 229376K, used 39925K [0x0000000721600000, 0x0000000800000000)
  region size 2048K, 17 young (34816K), 1 survivors (2048K)
 Metaspace       used 13973K, committed 14272K, reserved 1114112K
  class space    used 1847K, committed 1984K, reserved 1048576K
}
Event: 1.959 GC heap after
{Heap after GC invocations=3 (full 0):
 garbage-first heap   total reserved 3647488K, committed 229376K, used 9752K [0x0000000721600000, 0x0000000800000000)
  region size 2048K, 2 young (4096K), 2 survivors (4096K)
 Metaspace       used 13973K, committed 14272K, reserved 1114112K
  class space    used 1847K, committed 1984K, reserved 1048576K
}

Dll operation events (13 events):
Event: 0.015 Loaded shared library C:\Users\jonat.DESKTOP-62P3JQF\.jdks\openjdk-22.0.1\bin\java.dll
Event: 0.085 Loaded shared library C:\Users\jonat.DESKTOP-62P3JQF\.jdks\openjdk-22.0.1\bin\jsvml.dll
Event: 0.275 Loaded shared library C:\Users\jonat.DESKTOP-62P3JQF\.jdks\openjdk-22.0.1\bin\zip.dll
Event: 0.279 Loaded shared library C:\Users\jonat.DESKTOP-62P3JQF\.jdks\openjdk-22.0.1\bin\instrument.dll
Event: 0.286 Loaded shared library C:\Users\jonat.DESKTOP-62P3JQF\.jdks\openjdk-22.0.1\bin\net.dll
Event: 0.290 Loaded shared library C:\Users\jonat.DESKTOP-62P3JQF\.jdks\openjdk-22.0.1\bin\nio.dll
Event: 0.294 Loaded shared library C:\Users\jonat.DESKTOP-62P3JQF\.jdks\openjdk-22.0.1\bin\zip.dll
Event: 0.417 Loaded shared library C:\Program Files\JetBrains\IntelliJ IDEA Community Edition 2024.2.3\bin\breakgen64.dll
Event: 0.435 Loaded shared library C:\Users\jonat.DESKTOP-62P3JQF\.jdks\openjdk-22.0.1\bin\extnet.dll
Event: 0.497 Loaded shared library C:\Users\jonat.DESKTOP-62P3JQF\.jdks\openjdk-22.0.1\bin\jimage.dll
Event: 0.884 Loaded shared library C:\Users\jonat.DESKTOP-62P3JQF\.jdks\openjdk-22.0.1\bin\management.dll
Event: 0.886 Loaded shared library C:\Users\jonat.DESKTOP-62P3JQF\.jdks\openjdk-22.0.1\bin\management_ext.dll
Event: 1.584 Loaded shared library C:\Users\jonat.DESKTOP-62P3JQF\.jdks\openjdk-22.0.1\bin\le.dll

Deoptimization events (20 events):
Event: 2.026 Thread 0x000001b9647458a0 Uncommon trap: trap_request=0xffffff45 fr.pc=0x000001b911193198 relative=0x0000000000000158
Event: 2.026 Thread 0x000001b9647458a0 Uncommon trap: reason=unstable_if action=reinterpret pc=0x000001b911193198 method=java.util.zip.ZipCoder.hash(Ljava/lang/String;)I @ 23 c2
Event: 2.026 Thread 0x000001b9647458a0 DEOPT PACKING pc=0x000001b911193198 sp=0x000000a9ba4fdf80
Event: 2.027 Thread 0x000001b9647458a0 DEOPT UNPACKING pc=0x000001b910c146a2 sp=0x000000a9ba4fdf08 mode 2
Event: 2.027 Thread 0x000001b9647458a0 Uncommon trap: trap_request=0xffffff45 fr.pc=0x000001b911205ff4 relative=0x0000000000001494
Event: 2.027 Thread 0x000001b9647458a0 Uncommon trap: reason=unstable_if action=reinterpret pc=0x000001b911205ff4 method=java.util.zip.ZipCoder.hash(Ljava/lang/String;)I @ 23 c2
Event: 2.027 Thread 0x000001b9647458a0 DEOPT PACKING pc=0x000001b911205ff4 sp=0x000000a9ba4fe010
Event: 2.027 Thread 0x000001b9647458a0 DEOPT UNPACKING pc=0x000001b910c146a2 sp=0x000000a9ba4fde78 mode 2
Event: 2.030 Thread 0x000001b9647458a0 Uncommon trap: trap_request=0xffffff45 fr.pc=0x000001b911213da0 relative=0x00000000000004c0
Event: 2.030 Thread 0x000001b9647458a0 Uncommon trap: reason=unstable_if action=reinterpret pc=0x000001b911213da0 method=java.lang.String.decodeASCII([BI[CII)I @ 13 c2
Event: 2.030 Thread 0x000001b9647458a0 DEOPT PACKING pc=0x000001b911213da0 sp=0x000000a9ba4fe0f0
Event: 2.030 Thread 0x000001b9647458a0 DEOPT UNPACKING pc=0x000001b910c146a2 sp=0x000000a9ba4fdf18 mode 2
Event: 2.058 Thread 0x000001b9645e4f80 Uncommon trap: trap_request=0xffffff45 fr.pc=0x000001b911210794 relative=0x00000000000003d4
Event: 2.058 Thread 0x000001b9645e4f80 Uncommon trap: reason=unstable_if action=reinterpret pc=0x000001b911210794 method=java.io.ByteArrayInputStream.read([BII)I @ 35 c2
Event: 2.058 Thread 0x000001b9645e4f80 DEOPT PACKING pc=0x000001b911210794 sp=0x000000a9ba5fe060
Event: 2.058 Thread 0x000001b9645e4f80 DEOPT UNPACKING pc=0x000001b910c146a2 sp=0x000000a9ba5fe020 mode 2
Event: 2.105 Thread 0x000001b9647458a0 Uncommon trap: trap_request=0xffffff45 fr.pc=0x000001b911208390 relative=0x00000000000000f0
Event: 2.105 Thread 0x000001b9647458a0 Uncommon trap: reason=unstable_if action=reinterpret pc=0x000001b911208390 method=java.util.Arrays.equals([Ljava/lang/Object;[Ljava/lang/Object;)Z @ 44 c2
Event: 2.105 Thread 0x000001b9647458a0 DEOPT PACKING pc=0x000001b911208390 sp=0x000000a9ba4fd7b0
Event: 2.105 Thread 0x000001b9647458a0 DEOPT UNPACKING pc=0x000001b910c146a2 sp=0x000000a9ba4fd750 mode 2

Classes loaded (20 events):
Event: 2.061 Loading class jdk/xml/internal/JdkProperty
Event: 2.061 Loading class jdk/xml/internal/JdkProperty done
Event: 2.149 Loading class java/beans/Transient
Event: 2.149 Loading class java/beans/Transient done
Event: 2.149 Loading class java/beans/ConstructorProperties
Event: 2.149 Loading class java/beans/ConstructorProperties done
Event: 2.152 Loading class java/io/InvalidObjectException
Event: 2.152 Loading class java/io/InvalidObjectException done
Event: 2.153 Loading class java/util/concurrent/ConcurrentLinkedQueue
Event: 2.154 Loading class java/util/concurrent/ConcurrentLinkedQueue done
Event: 2.154 Loading class java/util/concurrent/ConcurrentLinkedQueue$Node
Event: 2.154 Loading class java/util/concurrent/ConcurrentLinkedQueue$Node done
Event: 2.156 Loading class java/util/concurrent/atomic/AtomicLongArray
Event: 2.156 Loading class java/util/concurrent/atomic/AtomicLongArray done
Event: 2.156 Loading class java/lang/invoke/VarHandleLongs$Array
Event: 2.157 Loading class java/lang/invoke/VarHandleLongs$Array done
Event: 2.157 Loading class java/util/concurrent/atomic/AtomicReferenceArray
Event: 2.157 Loading class java/util/concurrent/atomic/AtomicReferenceArray done
Event: 2.157 Loading class java/lang/invoke/VarHandleReferences$Array
Event: 2.157 Loading class java/lang/invoke/VarHandleReferences$Array done

Classes unloaded (0 events):
No events

Classes redefined (0 events):
No events

Internal exceptions (20 events):
Event: 1.409 Thread 0x000001b9647458a0 Exception <a 'java/lang/NoSuchMethodError'{0x000000072ecb20a0}: 'java.lang.Object java.lang.invoke.DirectMethodHandle$Holder.newInvokeSpecial(java.lang.Object, int, java.lang.Object)'> (0x000000072ecb20a0) 
thrown [s\open\src\hotspot\share\interpreter\linkResolver.cpp, line 774]
Event: 1.409 Thread 0x000001b9647458a0 Exception <a 'java/lang/NoSuchMethodError'{0x000000072ecb6c10}: 'int java.lang.invoke.DirectMethodHandle$Holder.invokeSpecialIFC(java.lang.Object, java.lang.Object, java.lang.Object, java.lang.Object)'> (0x000000072ecb6c10) 
thrown [s\open\src\hotspot\share\interpreter\linkResolver.cpp, line 774]
Event: 1.432 Thread 0x000001b9647458a0 Exception <a 'java/lang/NoSuchMethodError'{0x000000072ed87078}: 'void java.lang.invoke.DirectMethodHandle$Holder.invokeInterface(java.lang.Object, java.lang.Object, java.lang.Object)'> (0x000000072ed87078) 
thrown [s\open\src\hotspot\share\interpreter\linkResolver.cpp, line 774]
Event: 1.464 Thread 0x000001b9647458a0 Exception <a 'java/lang/NoSuchMethodError'{0x000000072e82c518}: 'void java.lang.invoke.DirectMethodHandle$Holder.invokeStaticInit(java.lang.Object, java.lang.Object, java.lang.Object)'> (0x000000072e82c518) 
thrown [s\open\src\hotspot\share\interpreter\linkResolver.cpp, line 774]
Event: 1.470 Thread 0x000001b9647458a0 Exception <a 'java/lang/NoSuchMethodError'{0x000000072e873840}: 'java.lang.Object java.lang.invoke.DirectMethodHandle$Holder.invokeVirtual(java.lang.Object, java.lang.Object, java.lang.Object)'> (0x000000072e873840) 
thrown [s\open\src\hotspot\share\interpreter\linkResolver.cpp, line 774]
Event: 1.476 Thread 0x000001b9647458a0 Exception <a 'java/lang/NoSuchMethodError'{0x000000072e894578}: 'java.lang.Object java.lang.invoke.DirectMethodHandle$Holder.invokeStatic(java.lang.Object, long, java.lang.Object)'> (0x000000072e894578) 
thrown [s\open\src\hotspot\share\interpreter\linkResolver.cpp, line 774]
Event: 1.477 Thread 0x000001b9647458a0 Exception <a 'java/lang/NoSuchMethodError'{0x000000072e897c00}: 'java.lang.Object java.lang.invoke.DirectMethodHandle$Holder.invokeStaticInit(java.lang.Object, long, java.lang.Object)'> (0x000000072e897c00) 
thrown [s\open\src\hotspot\share\interpreter\linkResolver.cpp, line 774]
Event: 1.477 Thread 0x000001b9647458a0 Exception <a 'java/lang/NoSuchMethodError'{0x000000072e89d7a0}: 'java.lang.Object java.lang.invoke.DirectMethodHandle$Holder.newInvokeSpecial(java.lang.Object, long)'> (0x000000072e89d7a0) 
thrown [s\open\src\hotspot\share\interpreter\linkResolver.cpp, line 774]
Event: 1.499 Thread 0x000001b9647458a0 Exception <a 'java/lang/NoSuchMethodError'{0x000000072e8face8}: 'void java.lang.invoke.DirectMethodHandle$Holder.invokeVirtual(java.lang.Object, java.lang.Object, java.lang.Object, java.lang.Object)'> (0x000000072e8face8) 
thrown [s\open\src\hotspot\share\interpreter\linkResolver.cpp, line 774]
Event: 1.559 Thread 0x000001b9647458a0 Exception <a 'java/lang/IncompatibleClassChangeError'{0x000000072e6a33a8}: Found class java.lang.Object, but interface was expected> (0x000000072e6a33a8) 
thrown [s\open\src\hotspot\share\interpreter\linkResolver.cpp, line 841]
Event: 1.565 Thread 0x000001b9647458a0 Exception <a 'java/lang/NoSuchMethodError'{0x000000072e6b9290}: 'java.lang.Object java.lang.invoke.DirectMethodHandle$Holder.invokeStaticInit(java.lang.Object, int)'> (0x000000072e6b9290) 
thrown [s\open\src\hotspot\share\interpreter\linkResolver.cpp, line 774]
Event: 1.567 Thread 0x000001b9647458a0 Exception <a 'java/lang/NoSuchMethodError'{0x000000072e6ec960}: 'java.lang.Object java.lang.invoke.DirectMethodHandle$Holder.invokeStatic(java.lang.Object, int, java.lang.Object)'> (0x000000072e6ec960) 
thrown [s\open\src\hotspot\share\interpreter\linkResolver.cpp, line 774]
Event: 1.568 Thread 0x000001b9647458a0 Exception <a 'java/lang/NoSuchMethodError'{0x000000072e6effe0}: 'java.lang.Object java.lang.invoke.DirectMethodHandle$Holder.invokeStaticInit(java.lang.Object, int, java.lang.Object)'> (0x000000072e6effe0) 
thrown [s\open\src\hotspot\share\interpreter\linkResolver.cpp, line 774]
Event: 1.578 Thread 0x000001b9647458a0 Exception <a 'sun/nio/fs/WindowsException'{0x000000072e76d988}> (0x000000072e76d988) 
thrown [s\open\src\hotspot\share\prims\jni.cpp, line 520]
Event: 1.586 Thread 0x000001b9647458a0 Exception <a 'jdk/internal/org/jline/terminal/impl/jna/LastErrorException'{0x000000072e7d7290}> (0x000000072e7d7290) 
thrown [s\open\src\hotspot\share\prims\jni.cpp, line 520]
Event: 1.586 Thread 0x000001b9647458a0 Exception <a 'jdk/internal/org/jline/terminal/impl/jna/LastErrorException'{0x000000072e7d7950}> (0x000000072e7d7950) 
thrown [s\open\src\hotspot\share\prims\jni.cpp, line 520]
Event: 1.587 Thread 0x000001b9647458a0 Exception <a 'jdk/internal/org/jline/terminal/impl/jna/LastErrorException'{0x000000072e7d7fc0}> (0x000000072e7d7fc0) 
thrown [s\open\src\hotspot\share\prims\jni.cpp, line 520]
Event: 1.666 Thread 0x000001b9647458a0 Exception <a 'java/lang/NoSuchMethodError'{0x000000072e32b7b0}: 'int java.lang.invoke.DirectMethodHandle$Holder.invokeVirtual(java.lang.Object, java.lang.Object)'> (0x000000072e32b7b0) 
thrown [s\open\src\hotspot\share\interpreter\linkResolver.cpp, line 774]
Event: 2.032 Thread 0x000001b9647458a0 Exception <a 'java/lang/NoSuchMethodError'{0x000000072f32bd80}: 'int java.lang.invoke.DirectMethodHandle$Holder.invokeSpecial(java.lang.Object, java.lang.Object, java.lang.Object, java.lang.Object, java.lang.Object)'> (0x000000072f32bd80) 
thrown [s\open\src\hotspot\share\interpreter\linkResolver.cpp, line 774]
Event: 2.035 Thread 0x000001b9647458a0 Exception <a 'java/lang/NoSuchMethodError'{0x000000072f334218}: 'void java.lang.invoke.DirectMethodHandle$Holder.invokeVirtual(java.lang.Object, java.lang.Object)'> (0x000000072f334218) 
thrown [s\open\src\hotspot\share\interpreter\linkResolver.cpp, line 774]

ZGC Phase Switch (0 events):
No events

VM Operations (20 events):
Event: 1.068 Executing VM operation: HandshakeAllThreads (Deoptimize)
Event: 1.068 Executing VM operation: HandshakeAllThreads (Deoptimize) done
Event: 1.378 Executing VM operation: HandshakeAllThreads (Deoptimize)
Event: 1.378 Executing VM operation: HandshakeAllThreads (Deoptimize) done
Event: 1.544 Executing VM operation: HandshakeAllThreads (Deoptimize)
Event: 1.544 Executing VM operation: HandshakeAllThreads (Deoptimize) done
Event: 1.549 Executing VM operation: HandshakeAllThreads (Deoptimize)
Event: 1.549 Executing VM operation: HandshakeAllThreads (Deoptimize) done
Event: 1.549 Executing VM operation: HandshakeAllThreads (Deoptimize)
Event: 1.549 Executing VM operation: HandshakeAllThreads (Deoptimize) done
Event: 1.552 Executing VM operation: ICBufferFull
Event: 1.552 Executing VM operation: ICBufferFull done
Event: 1.569 Executing VM operation: HandshakeAllThreads (Deoptimize)
Event: 1.569 Executing VM operation: HandshakeAllThreads (Deoptimize) done
Event: 1.942 Executing VM operation: HandshakeAllThreads (Deoptimize)
Event: 1.942 Executing VM operation: HandshakeAllThreads (Deoptimize) done
Event: 1.955 Executing VM operation: G1CollectForAllocation (G1 Evacuation Pause)
Event: 1.959 Executing VM operation: G1CollectForAllocation (G1 Evacuation Pause) done
Event: 2.004 Executing VM operation: HandshakeAllThreads (Deoptimize)
Event: 2.005 Executing VM operation: HandshakeAllThreads (Deoptimize) done

Events (16 events):
Event: 0.031 Thread 0x000001b97f802960 Thread added: 0x000001b97f802960
Event: 0.080 Thread 0x000001b91ea079d0 Thread added: 0x000001b91ea079d0
Event: 0.081 Thread 0x000001b91ea09ab0 Thread added: 0x000001b91ea09ab0
Event: 0.081 Thread 0x000001b91ea0eb90 Thread added: 0x000001b91ea0eb90
Event: 0.081 Thread 0x000001b91ea12a10 Thread added: 0x000001b91ea12a10
Event: 0.081 Thread 0x000001b91ea13470 Thread added: 0x000001b91ea13470
Event: 0.081 Thread 0x000001b91ea13ed0 Thread added: 0x000001b91ea13ed0
Event: 0.081 Thread 0x000001b91ea14c60 Thread added: 0x000001b91ea14c60
Event: 0.082 Thread 0x000001b91ea16b40 Thread added: 0x000001b91ea16b40
Event: 0.241 Thread 0x000001b91ec468d0 Thread added: 0x000001b91ec468d0
Event: 0.309 Thread 0x000001b91ed957a0 Thread added: 0x000001b91ed957a0
Event: 0.418 Thread 0x000001b91ee0b8c0 Thread added: 0x000001b91ee0b8c0
Event: 0.418 Thread 0x000001b91ee80b00 Thread added: 0x000001b91ee80b00
Event: 0.967 Thread 0x000001b96476d920 Thread added: 0x000001b96476d920
Event: 0.971 Thread 0x000001b9647458a0 Thread added: 0x000001b9647458a0
Event: 1.557 Thread 0x000001b9645e4f80 Thread added: 0x000001b9645e4f80


Dynamic libraries:
0x00007ff6173f0000 - 0x00007ff6173fe000 	C:\Users\jonat.DESKTOP-62P3JQF\.jdks\openjdk-22.0.1\bin\java.exe
0x00007ffa019b0000 - 0x00007ffa01ba8000 	C:\WINDOWS\SYSTEM32\ntdll.dll
0x00007ffa005c0000 - 0x00007ffa00682000 	C:\WINDOWS\System32\KERNEL32.DLL
0x00007ff9ff280000 - 0x00007ff9ff57e000 	C:\WINDOWS\System32\KERNELBASE.dll
0x00007ff9ff180000 - 0x00007ff9ff280000 	C:\WINDOWS\System32\ucrtbase.dll
0x00007ff9fc020000 - 0x00007ff9fc037000 	C:\Users\jonat.DESKTOP-62P3JQF\.jdks\openjdk-22.0.1\bin\jli.dll
0x00007ff9fbf90000 - 0x00007ff9fbfab000 	C:\Users\jonat.DESKTOP-62P3JQF\.jdks\openjdk-22.0.1\bin\VCRUNTIME140.dll
0x00007ffa00cf0000 - 0x00007ffa00e8d000 	C:\WINDOWS\System32\USER32.dll
0x00007ff9ff770000 - 0x00007ff9ff792000 	C:\WINDOWS\System32\win32u.dll
0x00007ff9ee890000 - 0x00007ff9eeb2a000 	C:\WINDOWS\WinSxS\amd64_microsoft.windows.common-controls_6595b64144ccf1df_6.0.19041.4355_none_60b8b9eb71f62e16\COMCTL32.dll
0x00007ff9ffef0000 - 0x00007ff9fff1b000 	C:\WINDOWS\System32\GDI32.dll
0x00007ffa007e0000 - 0x00007ffa0087e000 	C:\WINDOWS\System32\msvcrt.dll
0x00007ff9ff7d0000 - 0x00007ff9ff8e7000 	C:\WINDOWS\System32\gdi32full.dll
0x00007ff9ff5f0000 - 0x00007ff9ff68d000 	C:\WINDOWS\System32\msvcp_win.dll
0x00007ffa004f0000 - 0x00007ffa0051f000 	C:\WINDOWS\System32\IMM32.DLL
0x00007ff9fc270000 - 0x00007ff9fc27c000 	C:\Users\jonat.DESKTOP-62P3JQF\.jdks\openjdk-22.0.1\bin\vcruntime140_1.dll
0x00007ff9fbe90000 - 0x00007ff9fbf1e000 	C:\Users\jonat.DESKTOP-62P3JQF\.jdks\openjdk-22.0.1\bin\msvcp140.dll
0x00007ff9cad00000 - 0x00007ff9cba47000 	C:\Users\jonat.DESKTOP-62P3JQF\.jdks\openjdk-22.0.1\bin\server\jvm.dll
0x00007ffa00690000 - 0x00007ffa00741000 	C:\WINDOWS\System32\ADVAPI32.dll
0x00007ffa002b0000 - 0x00007ffa0034f000 	C:\WINDOWS\System32\sechost.dll
0x00007ffa01030000 - 0x00007ffa01153000 	C:\WINDOWS\System32\RPCRT4.dll
0x00007ff9ff7a0000 - 0x00007ff9ff7c7000 	C:\WINDOWS\System32\bcrypt.dll
0x00007ffa00520000 - 0x00007ffa0058b000 	C:\WINDOWS\System32\WS2_32.dll
0x00007ff9f4c80000 - 0x00007ff9f4ca7000 	C:\WINDOWS\SYSTEM32\WINMM.dll
0x00007ff9fee80000 - 0x00007ff9feecb000 	C:\WINDOWS\SYSTEM32\POWRPROF.dll
0x00007ff9f7920000 - 0x00007ff9f792a000 	C:\WINDOWS\SYSTEM32\VERSION.dll
0x00007ff9fedb0000 - 0x00007ff9fedc2000 	C:\WINDOWS\SYSTEM32\UMPDC.dll
0x00007ff9fce80000 - 0x00007ff9fce92000 	C:\WINDOWS\SYSTEM32\kernel.appcore.dll
0x00007ff9fc010000 - 0x00007ff9fc01a000 	C:\Users\jonat.DESKTOP-62P3JQF\.jdks\openjdk-22.0.1\bin\jimage.dll
0x00007ff9f5ca0000 - 0x00007ff9f5e84000 	C:\WINDOWS\SYSTEM32\DBGHELP.DLL
0x00007ff9ef8f0000 - 0x00007ff9ef924000 	C:\WINDOWS\SYSTEM32\dbgcore.DLL
0x00007ff9ff690000 - 0x00007ff9ff712000 	C:\WINDOWS\System32\bcryptPrimitives.dll
0x00007ff9fbe30000 - 0x00007ff9fbe3f000 	C:\Users\jonat.DESKTOP-62P3JQF\.jdks\openjdk-22.0.1\bin\instrument.dll
0x00007ff9fbe70000 - 0x00007ff9fbe8e000 	C:\Users\jonat.DESKTOP-62P3JQF\.jdks\openjdk-22.0.1\bin\java.dll
0x00007ffa011d0000 - 0x00007ffa0193d000 	C:\WINDOWS\System32\SHELL32.dll
0x00007ff9ff9b0000 - 0x00007ff9ffadb000 	C:\WINDOWS\System32\ole32.dll
0x00007ff9ffb90000 - 0x00007ff9ffee3000 	C:\WINDOWS\System32\combase.dll
0x00007ff9fd080000 - 0x00007ff9fd824000 	C:\WINDOWS\SYSTEM32\windows.storage.dll
0x00007ff9fe8a0000 - 0x00007ff9fe8ce000 	C:\WINDOWS\SYSTEM32\Wldp.dll
0x00007ff9fff20000 - 0x00007ff9fffed000 	C:\WINDOWS\System32\OLEAUT32.dll
0x00007ff9ffae0000 - 0x00007ff9ffb8d000 	C:\WINDOWS\System32\SHCORE.dll
0x00007ffa01170000 - 0x00007ffa011c5000 	C:\WINDOWS\System32\shlwapi.dll
0x00007ff9fef50000 - 0x00007ff9fef74000 	C:\WINDOWS\SYSTEM32\profapi.dll
0x00007ff9e5300000 - 0x00007ff9e53d7000 	C:\Users\jonat.DESKTOP-62P3JQF\.jdks\openjdk-22.0.1\bin\jsvml.dll
0x00007ff9fbe10000 - 0x00007ff9fbe27000 	C:\Users\jonat.DESKTOP-62P3JQF\.jdks\openjdk-22.0.1\bin\zip.dll
0x00007ff9fbe60000 - 0x00007ff9fbe70000 	C:\Users\jonat.DESKTOP-62P3JQF\.jdks\openjdk-22.0.1\bin\net.dll
0x00007ff9fe680000 - 0x00007ff9fe6ea000 	C:\WINDOWS\system32\mswsock.dll
0x00007ff9fbe40000 - 0x00007ff9fbe56000 	C:\Users\jonat.DESKTOP-62P3JQF\.jdks\openjdk-22.0.1\bin\nio.dll
0x00007ff9fbdf0000 - 0x00007ff9fbe0a000 	C:\Program Files\JetBrains\IntelliJ IDEA Community Edition 2024.2.3\bin\breakgen64.dll
0x00007ff9fbde0000 - 0x00007ff9fbde9000 	C:\Users\jonat.DESKTOP-62P3JQF\.jdks\openjdk-22.0.1\bin\extnet.dll
0x00007ff9f9360000 - 0x00007ff9f936a000 	C:\Users\jonat.DESKTOP-62P3JQF\.jdks\openjdk-22.0.1\bin\management.dll
0x00007ff9f92a0000 - 0x00007ff9f92ab000 	C:\Users\jonat.DESKTOP-62P3JQF\.jdks\openjdk-22.0.1\bin\management_ext.dll
0x00007ffa01160000 - 0x00007ffa01168000 	C:\WINDOWS\System32\PSAPI.DLL
0x00007ff9f8f30000 - 0x00007ff9f8f3b000 	C:\Users\jonat.DESKTOP-62P3JQF\.jdks\openjdk-22.0.1\bin\le.dll

dbghelp: loaded successfully - version: 4.0.5 - missing functions: none
symbol engine: initialized successfully - sym options: 0x614 - pdb path: .;C:\Users\jonat.DESKTOP-62P3JQF\.jdks\openjdk-22.0.1\bin;C:\WINDOWS\SYSTEM32;C:\WINDOWS\WinSxS\amd64_microsoft.windows.common-controls_6595b64144ccf1df_6.0.19041.4355_none_60b8b9eb71f62e16;C:\Users\jonat.DESKTOP-62P3JQF\.jdks\openjdk-22.0.1\bin\server;C:\Program Files\JetBrains\IntelliJ IDEA Community Edition 2024.2.3\bin

VM Arguments:
jvm_args: -javaagent:C:\Program Files\JetBrains\IntelliJ IDEA Community Edition 2024.2.3\lib\idea_rt.jar=58613:C:\Program Files\JetBrains\IntelliJ IDEA Community Edition 2024.2.3\bin -Dfile.encoding=UTF-8 -Dsun.stdout.encoding=UTF-8 -Dsun.stderr.encoding=UTF-8 
java_command: com.brainboost.brainboost.BrainboostApplication
java_class_path (initial): C:\Users\jonat.DESKTOP-62P3JQF\OneDrive\rea de Trabalho\brainboost sprint 4\target\classes;C:\Users\jonat.DESKTOP-62P3JQF\.m2\repository\org\springframework\boot\spring-boot-starter-data-jpa\3.3.2\spring-boot-starter-data-jpa-3.3.2.jar;C:\Users\jonat.DESKTOP-62P3JQF\.m2\repository\org\springframework\boot\spring-boot-starter-aop\3.3.2\spring-boot-starter-aop-3.3.2.jar;C:\Users\jonat.DESKTOP-62P3JQF\.m2\repository\org\aspectj\aspectjweaver\1.9.22.1\aspectjweaver-1.9.22.1.jar;C:\Users\jonat.DESKTOP-62P3JQF\.m2\repository\org\springframework\boot\spring-boot-starter-jdbc\3.3.2\spring-boot-starter-jdbc-3.3.2.jar;C:\Users\jonat.DESKTOP-62P3JQF\.m2\repository\com\zaxxer\HikariCP\5.1.0\HikariCP-5.1.0.jar;C:\Users\jonat.DESKTOP-62P3JQF\.m2\repository\org\springframework\spring-jdbc\6.1.11\spring-jdbc-6.1.11.jar;C:\Users\jonat.DESKTOP-62P3JQF\.m2\repository\org\hibernate\orm\hibernate-core\6.5.2.Final\hibernate-core-6.5.2.Final.jar;C:\Users\jonat.DESKTOP-62P3JQF\.m2\repository\jakarta\persistence\jakarta.persistence-api\3.1.0\jakarta.persistence-api-3.1.0.jar;C:\Users\jonat.DESKTOP-62P3JQF\.m2\repository\jakarta\transaction\jakarta.transaction-api\2.0.1\jakarta.transaction-api-2.0.1.jar;C:\Users\jonat.DESKTOP-62P3JQF\.m2\repository\org\jboss\logging\jboss-logging\3.5.3.Final\jboss-logging-3.5.3.Final.jar;C:\Users\jonat.DESKTOP-62P3JQF\.m2\repository\org\hibernate\common\hibernate-commons-annotations\6.0.6.Final\hibernate-commons-annotations-6.0.6.Final.jar;C:\Users\jonat.DESKTOP-62P3JQF\.m2\repository\io\smallrye\jandex\3.1.2\jandex-3.1.2.jar;C:\Users\jonat.DESKTOP-62P3JQF\.m2\repository\com\fasterxml\classmate\1.7.0\classmate-1.7.0.jar;C:\Users\jonat.DESKTOP-62P3JQF\.m2\repository\net\bytebuddy\byte-buddy\1.14.18\byte-buddy-1.14.18.jar;C:\Users\jonat.DESKTOP-62P3JQF\.m2\repository\org\glassfish\jaxb\jaxb-runtime\4.0.5\jaxb-runtime-4.0.5.jar;C:\Users\jonat.DESKTOP-62P3JQF\.m2\repository\org\glassfish\jaxb\jaxb-core\4.0.5\jaxb-core-4.0.5.jar;C:\Users\jonat.DESKTOP-62P3JQF\.m2\repository\org\glassfish\jaxb\txw2\4.0.5\txw2-4.0.5.jar;C:\Users\jonat.DESKTOP-62P3JQF\.m2\repository\com\sun\istack\istack-commons-runtime\4.1.2\istack-commons-runtime-4.1.2.jar;C:\Users\jonat.DESKTOP-62P3JQF\.m2\repository\jakarta\inject\jakarta.inject-api\2.0.1\jakarta.inject-api-2.0.1.jar;C:\Users\jonat.DESKTOP-62P3JQF\.m2\repository\org\antlr\antlr4-runtime\4.13.0\antlr4-runtime-4.13.0.jar;C:\Users\jonat.DESKTOP-62P3JQF\.m2\repository\org\springframework\data\spring-data-jpa\3.3.2\spring-data-jpa-3.3.2.jar;C:\Users\jonat.DESKTOP-62P3JQF\.m2\repository\org\springframework\data\spring-data-commons\3.3.2\spring-data-commons-3.3.2.jar;C:\Users\jonat.DESKTOP-62P3JQF\.m2\repository\org\springframework\spring-orm\6.1.11\spring-orm-6.1.11.jar;C:\Users\jonat.DESKTOP-62P3JQF\.m2\repository\org\springframework\spring-context\6.1.11\spring-context-6.1.11.jar;C:\Users\jonat.DESKTOP-62P3JQF\.m2\repository\org\springframework\spring-tx\6.1.11\spring-tx-6.1.11.jar;C:\Users\jonat.DESKTOP-62P3JQF\.m2\repository\org\springframework\spring-beans\6.1.11\spring-beans-6.1.11.jar;C:\Users\jonat.DESKTOP-62P3JQF\.m2\repository\jakarta\annotation\jakarta.annotation-api\2.1.1\jakarta.annotation-api-2.1.1.jar;C:\Users\jonat.DESKTOP-62P3JQF\.m2\repository\org\slf4j\slf4j-api\2.0.13\slf4j-api-2.0.13.jar;C:\Users\jonat.DESKTOP-62P3JQF\.m2\repository\org\springframework\spring-aspects\6.1.11\spring-aspects-6.1.11.jar;C:\Users\jonat.DESKTOP-62P3JQF\.m2\repository\org\springframework\boot\spring-boot-starter-web\3.3.2\spring-boot-starter-web-3.3.2.jar;C:\Users\jonat.DESKTOP-62P3JQF\.m2\repository\org\springframework\boot\spring-boot-starter\3.3.2\spring-boot-starter-3.3.2.jar;C:\Users\jonat.DESKTOP-62P3JQF\.m2\repository\org\springframework\boot\spring-boot-starter-logging\3.3.2\spring-boot-starter-logging-3.3.2.jar;C:\Users\jonat.DESKTOP-62P3JQF\.m2\repository\ch\qos\logback\logback-classic\1.5.6\logback-classic-1.5.6.jar;C:\Users\jonat.DESKTOP-62P3JQF\.m2\repository\ch\qos\logback\logback-core\1.5.6\logback-core-1.5.6.jar;C:\Users\jonat.DESKTOP-62P3JQF\.m2\repository\org\apache\logging\log4j\log4j-to-slf4j\2.23.1\log4j-to-slf4j-2.23.1.jar;C:\Users\jonat.DESKTOP-62P3JQF\.m2\repository\org\apache\logging\log4j\log4j-api\2.23.1\log4j-api-2.23.1.jar;C:\Users\jonat.DESKTOP-62P3JQF\.m2\repository\org\slf4j\jul-to-slf4j\2.0.13\jul-to-slf4j-2.0.13.jar;C:\Users\jonat.DESKTOP-62P3JQF\.m2\repository\org\yaml\snakeyaml\2.2\snakeyaml-2.2.jar;C:\Users\jonat.DESKTOP-62P3JQF\.m2\repository\org\springframework\boot\spring-boot-starter-json\3.3.2\spring-boot-starter-json-3.3.2.jar;C:\Users\jonat.DESKTOP-62P3JQF\.m2\repository\com\fasterxml\jackson\datatype\jackson-datatype-jdk8\2.17.2\jackson-datatype-jdk8-2.17.2.jar;C:\Users\jonat.DESKTOP-62P3JQF\.m2\repository\com\fasterxml\jackson\datatype\jackson-datatype-jsr310\2.17.2\jackson-datatype-jsr310-2.17.2.jar;C:\Users\jonat.DESKTOP-62P3JQF\.m2\repository\com\fasterxml\jackson\module\jackson-module-parameter-names\2.17.2\jackson-module-parameter-names-2.17.2.jar;C:\Users\jonat.DESKTOP-62P3JQF\.m2\repository\org\springframework\boot\spring-boot-starter-tomcat\3.3.2\spring-boot-starter-tomcat-3.3.2.jar;C:\Users\jonat.DESKTOP-62P3JQF\.m2\repository\org\apache\tomcat\embed\tomcat-embed-core\10.1.26\tomcat-embed-core-10.1.26.jar;C:\Users\jonat.DESKTOP-62P3JQF\.m2\repository\org\apache\tomcat\embed\tomcat-embed-websocket\10.1.26\tomcat-embed-websocket-10.1.26.jar;C:\Users\jonat.DESKTOP-62P3JQF\.m2\repository\org\springframework\spring-web\6.1.11\spring-web-6.1.11.jar;C:\Users\jonat.DESKTOP-62P3JQF\.m2\repository\io\micrometer\micrometer-observation\1.13.2\micrometer-observation-1.13.2.jar;C:\Users\jonat.DESKTOP-62P3JQF\.m2\repository\io\micrometer\micrometer-commons\1.13.2\micrometer-commons-1.13.2.jar;C:\Users\jonat.DESKTOP-62P3JQF\.m2\repository\org\springframework\spring-webmvc\6.1.11\spring-webmvc-6.1.11.jar;C:\Users\jonat.DESKTOP-62P3JQF\.m2\repository\org\springframework\spring-expression\6.1.11\spring-expression-6.1.11.jar;C:\Users\jonat.DESKTOP-62P3JQF\.m2\repository\com\auth0\java-jwt\4.4.0\java-jwt-4.4.0.jar;C:\Users\jonat.DESKTOP-62P3JQF\.m2\repository\com\fasterxml\jackson\core\jackson-databind\2.17.2\jackson-databind-2.17.2.jar;C:\Users\jonat.DESKTOP-62P3JQF\.m2\repository\com\fasterxml\jackson\core\jackson-annotations\2.17.2\jackson-annotations-2.17.2.jar;C:\Users\jonat.DESKTOP-62P3JQF\.m2\repository\com\fasterxml\jackson\core\jackson-core\2.17.2\jackson-core-2.17.2.jar;C:\Users\jonat.DESKTOP-62P3JQF\.m2\repository\org\springframework\boot\spring-boot-devtools\3.3.2\spring-boot-devtools-3.3.2.jar;C:\Users\jonat.DESKTOP-62P3JQF\.m2\repository\org\springframework\boot\spring-boot\3.3.2\spring-boot-3.3.2.jar;C:\Users\jonat.DESKTOP-62P3JQF\.m2\repository\org\springframework\boot\spring-boot-autoconfigure\3.3.2\spring-boot-autoconfigure-3.3.2.jar;C:\Users\jonat.DESKTOP-62P3JQF\.m2\repository\com\mysql\mysql-connector-j\8.3.0\mysql-connector-j-8.3.0.jar;C:\Users\jonat.DESKTOP-62P3JQF\.m2\repository\jakarta\xml\bind\jakarta.xml.bind-api\4.0.2\jakarta.xml.bind-api-4.0.2.jar;C:\Users\jonat.DESKTOP-62P3JQF\.m2\repository\jakarta\activation\jakarta.activation-api\2.1.3\jakarta.activation-api-2.1.3.jar;C:\Users\jonat.DESKTOP-62P3JQF\.m2\repository\org\springframework\spring-core\6.1.11\spring-core-6.1.11.jar;C:\Users\jonat.DESKTOP-62P3JQF\.m2\repository\org\springframework\spring-jcl\6.1.11\spring-jcl-6.1.11.jar;C:\Users\jonat.DESKTOP-62P3JQF\.m2\repository\org\springframework\boot\spring-boot-starter-security\3.3.2\spring-boot-starter-security-3.3.2.jar;C:\Users\jonat.DESKTOP-62P3JQF\.m2\repository\org\springframework\spring-aop\6.1.11\spring-aop-6.1.11.jar;C:\Users\jonat.DESKTOP-62P3JQF\.m2\repository\org\springframework\security\spring-security-config\6.3.1\spring-security-config-6.3.1.jar;C:\Users\jonat.DESKTOP-62P3JQF\.m2\repository\org\springframework\security\spring-security-web\6.3.1\spring-security-web-6.3.1.jar;C:\Users\jonat.DESKTOP-62P3JQF\.m2\repository\org\springframework\boot\spring-boot-starter-validation\3.3.2\spring-boot-starter-validation-3.3.2.jar;C:\Users\jonat.DESKTOP-62P3JQF\.m2\repository\org\apache\tomcat\embed\tomcat-embed-el\10.1.26\tomcat-embed-el-10.1.26.jar;C:\Users\jonat.DESKTOP-62P3JQF\.m2\repository\org\hibernate\validator\hibernate-validator\8.0.1.Final\hibernate-validator-8.0.1.Final.jar;C:\Users\jonat.DESKTOP-62P3JQF\.m2\repository\jakarta\validation\jakarta.validation-api\3.0.2\jakarta.validation-api-3.0.2.jar;C:\Users\jonat.DESKTOP-62P3JQF\.m2\repository\org\springframework\boot\spring-boot-starter-cache\3.3.2\spring-boot-starter-cache-3.3.2.jar;C:\Users\jonat.DESKTOP-62P3JQF\.m2\repository\org\springframework\spring-context-support\6.1.11\spring-context-support-6.1.11.jar;C:\Users\jonat.DESKTOP-62P3JQF\.m2\repository\org\springframework\security\spring-security-core\6.3.1\spring-security-core-6.3.1.jar;C:\Users\jonat.DESKTOP-62P3JQF\.m2\repository\org\springframework\security\spring-security-crypto\6.3.1\spring-security-crypto-6.3.1.jar;C:\Users\jonat.DESKTOP-62P3JQF\.m2\repository\org\springframework\boot\spring-boot-starter-mail\3.3.2\spring-boot-starter-mail-3.3.2.jar;C:\Users\jonat.DESKTOP-62P3JQF\.m2\repository\org\eclipse\angus\jakarta.mail\2.0.3\jakarta.mail-2.0.3.jar;C:\Users\jonat.DESKTOP-62P3JQF\.m2\repository\org\eclipse\angus\angus-activation\2.0.2\angus-activation-2.0.2.jar;C:\Users\jonat.DESKTOP-62P3JQF\.m2\repository\com\h2database\h2\2.2.224\h2-2.2.224.jar;C:\Users\jonat.DESKTOP-62P3JQF\.m2\repository\org\springdoc\springdoc-openapi-starter-webmvc-ui\2.6.0\springdoc-openapi-starter-webmvc-ui-2.6.0.jar;C:\Users\jonat.DESKTOP-62P3JQF\.m2\repository\org\springdoc\springdoc-openapi-starter-webmvc-api\2.6.0\springdoc-openapi-starter-webmvc-api-2.6.0.jar;C:\Users\jonat.DESKTOP-62P3JQF\.m2\repository\org\springdoc\springdoc-openapi-starter-common\2.6.0\springdoc-openapi-starter-common-2.6.0.jar;C:\Users\jonat.DESKTOP-62P3JQF\.m2\repository\io\swagger\core\v3\swagger-core-jakarta\2.2.22\swagger-core-jakarta-2.2.22.jar;C:\Users\jonat.DESKTOP-62P3JQF\.m2\repository\org\apache\commons\commons-lang3\3.14.0\commons-lang3-3.14.0.jar;C:\Users\jonat.DESKTOP-62P3JQF\.m2\repository\io\swagger\core\v3\swagger-annotations-jakarta\2.2.22\swagger-annotations-jakarta-2.2.22.jar;C:\Users\jonat.DESKTOP-62P3JQF\.m2\repository\io\swagger\core\v3\swagger-models-jakarta\2.2.22\swagger-models-jakarta-2.2.22.jar;C:\Users\jonat.DESKTOP-62P3JQF\.m2\repository\com\fasterxml\jackson\dataformat\jackson-dataformat-yaml\2.17.2\jackson-dataformat-yaml-2.17.2.jar;C:\Users\jonat.DESKTOP-62P3JQF\.m2\repository\org\webjars\swagger-ui\5.17.14\swagger-ui-5.17.14.jar
Launcher Type: SUN_STANDARD

[Global flags]
     intx CICompilerCount                          = 3                                         {product} {ergonomic}
     uint ConcGCThreads                            = 1                                         {product} {ergonomic}
     uint G1ConcRefinementThreads                  = 4                                         {product} {ergonomic}
   size_t G1HeapRegionSize                         = 2097152                                   {product} {ergonomic}
   size_t InitialHeapSize                          = 234881024                                 {product} {ergonomic}
   size_t MarkStackSize                            = 4194304                                   {product} {ergonomic}
   size_t MaxHeapSize                              = 3735027712                                {product} {ergonomic}
   size_t MaxNewSize                               = 2239758336                                {product} {ergonomic}
   size_t MinHeapDeltaBytes                        = 2097152                                   {product} {ergonomic}
   size_t MinHeapSize                              = 8388608                                   {product} {ergonomic}
    uintx NonNMethodCodeHeapSize                   = 5832780                                {pd product} {ergonomic}
    uintx NonProfiledCodeHeapSize                  = 122912730                              {pd product} {ergonomic}
    uintx ProfiledCodeHeapSize                     = 122912730                              {pd product} {ergonomic}
    uintx ReservedCodeCacheSize                    = 251658240                              {pd product} {ergonomic}
     bool SegmentedCodeCache                       = true                                      {product} {ergonomic}
   size_t SoftMaxHeapSize                          = 3735027712                             {manageable} {ergonomic}
     bool UseCompressedOops                        = true                           {product lp64_product} {ergonomic}
     bool UseG1GC                                  = true                                      {product} {ergonomic}
     bool UseLargePagesIndividualAllocation        = false                                  {pd product} {ergonomic}

Logging:
Log output configuration:
 #0: stdout all=warning uptime,level,tags foldmultilines=false
 #1: stderr all=off uptime,level,tags foldmultilines=false

Environment Variables:
JAVA_HOME=C:\Program Files\Microsoft\jdk-17.0.11.9-hotspot\
PATH=C:\Program Files\Microsoft\jdk-17.0.11.9-hotspot\bin;C:\Program Files\Java\jdk-22\bin;C:\Program Files\Common Files\Oracle\Java\javapath;C:\Program Files (x86)\Common Files\Oracle\Java\java8path;C:\Program Files (x86)\Common Files\Oracle\Java\javapath;C:\Program Files (x86)\NVIDIA Corporation\PhysX\Common;C:\WINDOWS\system32;C:\WINDOWS;C:\WINDOWS\System32\Wbem;C:\WINDOWS\System32\WindowsPowerShell\v1.0\;C:\WINDOWS\System32\OpenSSH\;C:\Program Files (x86)\dotnet\;C:\Program Files\Git\cmd;C:\ProgramData\chocolatey\bin;C:\flutter\bin;C:\flutter\bin\cache\dart-sdk\bin;C:\Program Files\Microsoft SQL Server\150\Tools\Binn\;C:\Program Files\nodejs\;C:\Program Files\Docker\Docker\resources\bin;C:\Program Files\Java\jdk-22\bin;C:\Users\jonat.DESKTOP-62P3JQF\AppData\Local\Microsoft\WindowsApps;C:\Users\jonat.DESKTOP-62P3JQF\AppData\Local\Programs\Microsoft VS Code\bin;C:\Users\jonat.DESKTOP-62P3JQF\AppData\Local\GitHubDesktop\bin;C:\Users\jonat.DESKTOP-62P3JQF\AppData\Local\Android\Sdk\platform-tools;C:\Users\jonat.DESKTOP-62P3JQF\AppData\Roaming\npm;C:\Program Files\vtex\bin;C:\Program Files\JetBrains\IntelliJ IDEA Community Edition 2024.2.3\bin;;C:\Users\jonat.DESKTOP-62P3JQF\AppData\Roaming\npm;
USERNAME=jonat
OS=Windows_NT
PROCESSOR_IDENTIFIER=AMD64 Family 23 Model 17 Stepping 0, AuthenticAMD
TMP=C:\Users\JONAT~1.DES\AppData\Local\Temp
TEMP=C:\Users\JONAT~1.DES\AppData\Local\Temp




Periodic native trim disabled

---------------  S Y S T E M  ---------------

OS:
 Windows 10 , 64 bit Build 19041 (10.0.19041.5072)
OS uptime: 0 days 8:57 hours
Hyper-V role detected

CPU: total 4 (initial active 4) (4 cores per cpu, 1 threads per core) family 23 model 17 stepping 0 microcode 0x0, cx8, cmov, fxsr, mmx, 3dnowpref, sse, sse2, sse3, ssse3, sse4a, sse4.1, sse4.2, popcnt, lzcnt, tsc, tscinvbit, avx, avx2, aes, clmul, bmi1, bmi2, adx, sha, fma, vzeroupper, clflush, clflushopt, hv, rdtscp, f16c
Processor Information for all 4 processors :
  Max Mhz: 3500, Current Mhz: 3500, Mhz Limit: 3500

Memory: 4k page, system-wide physical 14246M (766M free)
TotalPageFile size 18532M (AvailPageFile size 327M)
current process WorkingSet (physical memory assigned to process): 122M, peak: 122M
current process commit charge ("private bytes"): 337M, peak: 337M

vm_info: OpenJDK 64-Bit Server VM (22.0.1+8-16) for windows-amd64 JRE (22.0.1+8-16), built on 2024-03-12T10:33:16Z by "mach5one" with MS VC++ 17.6 (VS2022)

END.
